ARM GAS  C:\Users\LISABO~1\AppData\Local\Temp\ccRkVLqu.s 			page 1


   1              		.cpu cortex-m0
   2              		.fpu softvfp
   3              		.eabi_attribute 20, 1
   4              		.eabi_attribute 21, 1
   5              		.eabi_attribute 23, 3
   6              		.eabi_attribute 24, 1
   7              		.eabi_attribute 25, 1
   8              		.eabi_attribute 26, 1
   9              		.eabi_attribute 30, 6
  10              		.eabi_attribute 34, 0
  11              		.eabi_attribute 18, 4
  12              		.code	16
  13              		.file	"cyfitter_cfg.c"
  14              		.text
  15              	.Ltext0:
  16              		.cfi_sections	.debug_frame
  17              		.section	.text.CYMEMZERO,"ax",%progbits
  18              		.align	2
  19              		.code	16
  20              		.thumb_func
  21              		.type	CYMEMZERO, %function
  22              	CYMEMZERO:
  23              	.LFB2:
  24              		.file 1 ".\\Generated_Source\\PSoC4\\cyfitter_cfg.c"
   1:.\Generated_Source\PSoC4/cyfitter_cfg.c **** /*******************************************************************************
   2:.\Generated_Source\PSoC4/cyfitter_cfg.c **** * FILENAME: cyfitter_cfg.c
   3:.\Generated_Source\PSoC4/cyfitter_cfg.c **** * PSoC Creator  3.1 SP3
   4:.\Generated_Source\PSoC4/cyfitter_cfg.c **** *
   5:.\Generated_Source\PSoC4/cyfitter_cfg.c **** * Description:
   6:.\Generated_Source\PSoC4/cyfitter_cfg.c **** * This file is automatically generated by PSoC Creator with device 
   7:.\Generated_Source\PSoC4/cyfitter_cfg.c **** * initialization code.  Except for the user defined sections in
   8:.\Generated_Source\PSoC4/cyfitter_cfg.c **** * CyClockStartupError(), this file should not be modified.
   9:.\Generated_Source\PSoC4/cyfitter_cfg.c **** *
  10:.\Generated_Source\PSoC4/cyfitter_cfg.c **** ********************************************************************************
  11:.\Generated_Source\PSoC4/cyfitter_cfg.c **** * Copyright 2013, Cypress Semiconductor Corporation.  All rights reserved.
  12:.\Generated_Source\PSoC4/cyfitter_cfg.c **** * You may use this file only in accordance with the license, terms, conditions, 
  13:.\Generated_Source\PSoC4/cyfitter_cfg.c **** * disclaimers, and limitations in the end user license agreement accompanying 
  14:.\Generated_Source\PSoC4/cyfitter_cfg.c **** * the software package with which this file was provided.
  15:.\Generated_Source\PSoC4/cyfitter_cfg.c **** ********************************************************************************/
  16:.\Generated_Source\PSoC4/cyfitter_cfg.c **** 
  17:.\Generated_Source\PSoC4/cyfitter_cfg.c **** #include <string.h>
  18:.\Generated_Source\PSoC4/cyfitter_cfg.c **** #include <cytypes.h>
  19:.\Generated_Source\PSoC4/cyfitter_cfg.c **** #include <cydevice_trm.h>
  20:.\Generated_Source\PSoC4/cyfitter_cfg.c **** #include <cyfitter.h>
  21:.\Generated_Source\PSoC4/cyfitter_cfg.c **** #include <CyLib.h>
  22:.\Generated_Source\PSoC4/cyfitter_cfg.c **** #include <cyfitter_cfg.h>
  23:.\Generated_Source\PSoC4/cyfitter_cfg.c **** 
  24:.\Generated_Source\PSoC4/cyfitter_cfg.c **** 
  25:.\Generated_Source\PSoC4/cyfitter_cfg.c **** #if defined(__GNUC__) || defined(__ARMCC_VERSION)
  26:.\Generated_Source\PSoC4/cyfitter_cfg.c ****     #define CYPACKED 
  27:.\Generated_Source\PSoC4/cyfitter_cfg.c ****     #define CYPACKED_ATTR __attribute__ ((packed))
  28:.\Generated_Source\PSoC4/cyfitter_cfg.c ****     #define CYALIGNED __attribute__ ((aligned))
  29:.\Generated_Source\PSoC4/cyfitter_cfg.c ****     #define CY_CFG_UNUSED __attribute__ ((unused))
  30:.\Generated_Source\PSoC4/cyfitter_cfg.c ****     #define CY_CFG_SECTION __attribute__ ((section(".psocinit")))
  31:.\Generated_Source\PSoC4/cyfitter_cfg.c ****     
  32:.\Generated_Source\PSoC4/cyfitter_cfg.c ****     #if defined(__ARMCC_VERSION)
  33:.\Generated_Source\PSoC4/cyfitter_cfg.c ****         #define CY_CFG_MEMORY_BARRIER() __memory_changed()
ARM GAS  C:\Users\LISABO~1\AppData\Local\Temp\ccRkVLqu.s 			page 2


  34:.\Generated_Source\PSoC4/cyfitter_cfg.c ****     #else
  35:.\Generated_Source\PSoC4/cyfitter_cfg.c ****         #define CY_CFG_MEMORY_BARRIER() __sync_synchronize()
  36:.\Generated_Source\PSoC4/cyfitter_cfg.c ****     #endif
  37:.\Generated_Source\PSoC4/cyfitter_cfg.c ****     
  38:.\Generated_Source\PSoC4/cyfitter_cfg.c **** #elif defined(__ICCARM__)
  39:.\Generated_Source\PSoC4/cyfitter_cfg.c ****     #include <intrinsics.h>
  40:.\Generated_Source\PSoC4/cyfitter_cfg.c **** 
  41:.\Generated_Source\PSoC4/cyfitter_cfg.c ****     #define CYPACKED __packed
  42:.\Generated_Source\PSoC4/cyfitter_cfg.c ****     #define CYPACKED_ATTR 
  43:.\Generated_Source\PSoC4/cyfitter_cfg.c ****     #define CYALIGNED _Pragma("data_alignment=4")
  44:.\Generated_Source\PSoC4/cyfitter_cfg.c ****     #define CY_CFG_UNUSED _Pragma("diag_suppress=Pe177")
  45:.\Generated_Source\PSoC4/cyfitter_cfg.c ****     #define CY_CFG_SECTION _Pragma("location=\".psocinit\"")
  46:.\Generated_Source\PSoC4/cyfitter_cfg.c ****     
  47:.\Generated_Source\PSoC4/cyfitter_cfg.c ****     #define CY_CFG_MEMORY_BARRIER() __DMB()
  48:.\Generated_Source\PSoC4/cyfitter_cfg.c ****     
  49:.\Generated_Source\PSoC4/cyfitter_cfg.c **** #else
  50:.\Generated_Source\PSoC4/cyfitter_cfg.c ****     #error Unsupported toolchain
  51:.\Generated_Source\PSoC4/cyfitter_cfg.c **** #endif
  52:.\Generated_Source\PSoC4/cyfitter_cfg.c **** 
  53:.\Generated_Source\PSoC4/cyfitter_cfg.c **** 
  54:.\Generated_Source\PSoC4/cyfitter_cfg.c **** CY_CFG_UNUSED
  55:.\Generated_Source\PSoC4/cyfitter_cfg.c **** static void CYMEMZERO(void *s, size_t n);
  56:.\Generated_Source\PSoC4/cyfitter_cfg.c **** CY_CFG_UNUSED
  57:.\Generated_Source\PSoC4/cyfitter_cfg.c **** static void CYMEMZERO(void *s, size_t n)
  58:.\Generated_Source\PSoC4/cyfitter_cfg.c **** {
  25              		.loc 1 58 0
  26              		.cfi_startproc
  27 0000 80B5     		push	{r7, lr}
  28              		.cfi_def_cfa_offset 8
  29              		.cfi_offset 7, -8
  30              		.cfi_offset 14, -4
  31 0002 82B0     		sub	sp, sp, #8
  32              		.cfi_def_cfa_offset 16
  33 0004 00AF     		add	r7, sp, #0
  34              		.cfi_def_cfa_register 7
  35 0006 7860     		str	r0, [r7, #4]
  36 0008 3960     		str	r1, [r7]
  59:.\Generated_Source\PSoC4/cyfitter_cfg.c **** 	(void)memset(s, 0, n);
  37              		.loc 1 59 0
  38 000a 7A68     		ldr	r2, [r7, #4]
  39 000c 3B68     		ldr	r3, [r7]
  40 000e 101C     		mov	r0, r2
  41 0010 0021     		mov	r1, #0
  42 0012 1A1C     		mov	r2, r3
  43 0014 FFF7FEFF 		bl	memset
  60:.\Generated_Source\PSoC4/cyfitter_cfg.c **** }
  44              		.loc 1 60 0
  45 0018 BD46     		mov	sp, r7
  46 001a 02B0     		add	sp, sp, #8
  47              		@ sp needed
  48 001c 80BD     		pop	{r7, pc}
  49              		.cfi_endproc
  50              	.LFE2:
  51              		.size	CYMEMZERO, .-CYMEMZERO
  52 001e C046     		.section	.text.CYCONFIGCPY,"ax",%progbits
  53              		.align	2
  54              		.code	16
ARM GAS  C:\Users\LISABO~1\AppData\Local\Temp\ccRkVLqu.s 			page 3


  55              		.thumb_func
  56              		.type	CYCONFIGCPY, %function
  57              	CYCONFIGCPY:
  58              	.LFB3:
  61:.\Generated_Source\PSoC4/cyfitter_cfg.c **** CY_CFG_UNUSED
  62:.\Generated_Source\PSoC4/cyfitter_cfg.c **** static void CYCONFIGCPY(void *dest, const void *src, size_t n);
  63:.\Generated_Source\PSoC4/cyfitter_cfg.c **** CY_CFG_UNUSED
  64:.\Generated_Source\PSoC4/cyfitter_cfg.c **** static void CYCONFIGCPY(void *dest, const void *src, size_t n)
  65:.\Generated_Source\PSoC4/cyfitter_cfg.c **** {
  59              		.loc 1 65 0
  60              		.cfi_startproc
  61 0000 80B5     		push	{r7, lr}
  62              		.cfi_def_cfa_offset 8
  63              		.cfi_offset 7, -8
  64              		.cfi_offset 14, -4
  65 0002 84B0     		sub	sp, sp, #16
  66              		.cfi_def_cfa_offset 24
  67 0004 00AF     		add	r7, sp, #0
  68              		.cfi_def_cfa_register 7
  69 0006 F860     		str	r0, [r7, #12]
  70 0008 B960     		str	r1, [r7, #8]
  71 000a 7A60     		str	r2, [r7, #4]
  66:.\Generated_Source\PSoC4/cyfitter_cfg.c **** 	(void)memcpy(dest, src, n);
  72              		.loc 1 66 0
  73 000c F968     		ldr	r1, [r7, #12]
  74 000e BA68     		ldr	r2, [r7, #8]
  75 0010 7B68     		ldr	r3, [r7, #4]
  76 0012 081C     		mov	r0, r1
  77 0014 111C     		mov	r1, r2
  78 0016 1A1C     		mov	r2, r3
  79 0018 FFF7FEFF 		bl	memcpy
  67:.\Generated_Source\PSoC4/cyfitter_cfg.c **** }
  80              		.loc 1 67 0
  81 001c BD46     		mov	sp, r7
  82 001e 04B0     		add	sp, sp, #16
  83              		@ sp needed
  84 0020 80BD     		pop	{r7, pc}
  85              		.cfi_endproc
  86              	.LFE3:
  87              		.size	CYCONFIGCPY, .-CYCONFIGCPY
  88 0022 C046     		.section	.text.CYCONFIGCPYCODE,"ax",%progbits
  89              		.align	2
  90              		.code	16
  91              		.thumb_func
  92              		.type	CYCONFIGCPYCODE, %function
  93              	CYCONFIGCPYCODE:
  94              	.LFB4:
  68:.\Generated_Source\PSoC4/cyfitter_cfg.c **** CY_CFG_UNUSED
  69:.\Generated_Source\PSoC4/cyfitter_cfg.c **** static void CYCONFIGCPYCODE(void *dest, const void *src, size_t n);
  70:.\Generated_Source\PSoC4/cyfitter_cfg.c **** CY_CFG_UNUSED
  71:.\Generated_Source\PSoC4/cyfitter_cfg.c **** static void CYCONFIGCPYCODE(void *dest, const void *src, size_t n)
  72:.\Generated_Source\PSoC4/cyfitter_cfg.c **** {
  95              		.loc 1 72 0
  96              		.cfi_startproc
  97 0000 80B5     		push	{r7, lr}
  98              		.cfi_def_cfa_offset 8
  99              		.cfi_offset 7, -8
ARM GAS  C:\Users\LISABO~1\AppData\Local\Temp\ccRkVLqu.s 			page 4


 100              		.cfi_offset 14, -4
 101 0002 84B0     		sub	sp, sp, #16
 102              		.cfi_def_cfa_offset 24
 103 0004 00AF     		add	r7, sp, #0
 104              		.cfi_def_cfa_register 7
 105 0006 F860     		str	r0, [r7, #12]
 106 0008 B960     		str	r1, [r7, #8]
 107 000a 7A60     		str	r2, [r7, #4]
  73:.\Generated_Source\PSoC4/cyfitter_cfg.c **** 	(void)memcpy(dest, src, n);
 108              		.loc 1 73 0
 109 000c F968     		ldr	r1, [r7, #12]
 110 000e BA68     		ldr	r2, [r7, #8]
 111 0010 7B68     		ldr	r3, [r7, #4]
 112 0012 081C     		mov	r0, r1
 113 0014 111C     		mov	r1, r2
 114 0016 1A1C     		mov	r2, r3
 115 0018 FFF7FEFF 		bl	memcpy
  74:.\Generated_Source\PSoC4/cyfitter_cfg.c **** }
 116              		.loc 1 74 0
 117 001c BD46     		mov	sp, r7
 118 001e 04B0     		add	sp, sp, #16
 119              		@ sp needed
 120 0020 80BD     		pop	{r7, pc}
 121              		.cfi_endproc
 122              	.LFE4:
 123              		.size	CYCONFIGCPYCODE, .-CYCONFIGCPYCODE
 124 0022 C046     		.section	.psocinit,"ax",%progbits
 125              		.align	2
 126              		.code	16
 127              		.thumb_func
 128              		.type	SetIMOBGTrims, %function
 129              	SetIMOBGTrims:
 130              	.LFB5:
  75:.\Generated_Source\PSoC4/cyfitter_cfg.c **** 
  76:.\Generated_Source\PSoC4/cyfitter_cfg.c **** 
  77:.\Generated_Source\PSoC4/cyfitter_cfg.c **** 
  78:.\Generated_Source\PSoC4/cyfitter_cfg.c **** /* Clock startup error codes                                                   */
  79:.\Generated_Source\PSoC4/cyfitter_cfg.c **** #define CYCLOCKSTART_NO_ERROR    0u
  80:.\Generated_Source\PSoC4/cyfitter_cfg.c **** #define CYCLOCKSTART_XTAL_ERROR  1u
  81:.\Generated_Source\PSoC4/cyfitter_cfg.c **** #define CYCLOCKSTART_32KHZ_ERROR 2u
  82:.\Generated_Source\PSoC4/cyfitter_cfg.c **** #define CYCLOCKSTART_PLL_ERROR   3u
  83:.\Generated_Source\PSoC4/cyfitter_cfg.c **** 
  84:.\Generated_Source\PSoC4/cyfitter_cfg.c **** #ifdef CY_NEED_CYCLOCKSTARTUPERROR
  85:.\Generated_Source\PSoC4/cyfitter_cfg.c **** /*******************************************************************************
  86:.\Generated_Source\PSoC4/cyfitter_cfg.c **** * Function Name: CyClockStartupError
  87:.\Generated_Source\PSoC4/cyfitter_cfg.c **** ********************************************************************************
  88:.\Generated_Source\PSoC4/cyfitter_cfg.c **** * Summary:
  89:.\Generated_Source\PSoC4/cyfitter_cfg.c **** *  If an error is encountered during clock configuration (crystal startup error,
  90:.\Generated_Source\PSoC4/cyfitter_cfg.c **** *  PLL lock error, etc.), the system will end up here.  Unless reimplemented by
  91:.\Generated_Source\PSoC4/cyfitter_cfg.c **** *  the customer, this function will stop in an infinite loop.
  92:.\Generated_Source\PSoC4/cyfitter_cfg.c **** *
  93:.\Generated_Source\PSoC4/cyfitter_cfg.c **** * Parameters:
  94:.\Generated_Source\PSoC4/cyfitter_cfg.c **** *   void
  95:.\Generated_Source\PSoC4/cyfitter_cfg.c **** *
  96:.\Generated_Source\PSoC4/cyfitter_cfg.c **** * Return:
  97:.\Generated_Source\PSoC4/cyfitter_cfg.c **** *   void
  98:.\Generated_Source\PSoC4/cyfitter_cfg.c **** *
ARM GAS  C:\Users\LISABO~1\AppData\Local\Temp\ccRkVLqu.s 			page 5


  99:.\Generated_Source\PSoC4/cyfitter_cfg.c **** *******************************************************************************/
 100:.\Generated_Source\PSoC4/cyfitter_cfg.c **** CY_CFG_UNUSED
 101:.\Generated_Source\PSoC4/cyfitter_cfg.c **** static void CyClockStartupError(uint8 errorCode);
 102:.\Generated_Source\PSoC4/cyfitter_cfg.c **** CY_CFG_UNUSED
 103:.\Generated_Source\PSoC4/cyfitter_cfg.c **** static void CyClockStartupError(uint8 errorCode)
 104:.\Generated_Source\PSoC4/cyfitter_cfg.c **** {
 105:.\Generated_Source\PSoC4/cyfitter_cfg.c ****     /* To remove the compiler warning if errorCode not used.                */
 106:.\Generated_Source\PSoC4/cyfitter_cfg.c ****     errorCode = errorCode;
 107:.\Generated_Source\PSoC4/cyfitter_cfg.c **** 
 108:.\Generated_Source\PSoC4/cyfitter_cfg.c ****     /* `#START CyClockStartupError` */
 109:.\Generated_Source\PSoC4/cyfitter_cfg.c **** 
 110:.\Generated_Source\PSoC4/cyfitter_cfg.c ****     /* If we have a clock startup error (bad MHz crystal, PLL lock, etc.),  */
 111:.\Generated_Source\PSoC4/cyfitter_cfg.c ****     /* we will end up here to allow the customer to implement something to  */
 112:.\Generated_Source\PSoC4/cyfitter_cfg.c ****     /* deal with the clock condition.                                       */
 113:.\Generated_Source\PSoC4/cyfitter_cfg.c **** 
 114:.\Generated_Source\PSoC4/cyfitter_cfg.c ****     /* `#END` */
 115:.\Generated_Source\PSoC4/cyfitter_cfg.c **** 
 116:.\Generated_Source\PSoC4/cyfitter_cfg.c ****     /* If nothing else, stop here since the clocks have not started         */
 117:.\Generated_Source\PSoC4/cyfitter_cfg.c ****     /* correctly.                                                           */
 118:.\Generated_Source\PSoC4/cyfitter_cfg.c ****     while(1) {}
 119:.\Generated_Source\PSoC4/cyfitter_cfg.c **** }
 120:.\Generated_Source\PSoC4/cyfitter_cfg.c **** #endif
 121:.\Generated_Source\PSoC4/cyfitter_cfg.c **** 
 122:.\Generated_Source\PSoC4/cyfitter_cfg.c **** 
 123:.\Generated_Source\PSoC4/cyfitter_cfg.c **** /*******************************************************************************
 124:.\Generated_Source\PSoC4/cyfitter_cfg.c **** * Function Name: SetIMOBGTrims
 125:.\Generated_Source\PSoC4/cyfitter_cfg.c **** ********************************************************************************
 126:.\Generated_Source\PSoC4/cyfitter_cfg.c **** *
 127:.\Generated_Source\PSoC4/cyfitter_cfg.c **** * Summary:
 128:.\Generated_Source\PSoC4/cyfitter_cfg.c **** *   Performs the configuration of the bandgap trim for the IMO based on the given
 129:.\Generated_Source\PSoC4/cyfitter_cfg.c **** *   expected frequency of the IMO. 
 130:.\Generated_Source\PSoC4/cyfitter_cfg.c **** *
 131:.\Generated_Source\PSoC4/cyfitter_cfg.c **** * Parameters:
 132:.\Generated_Source\PSoC4/cyfitter_cfg.c **** *   imoFreq: Frequency for operation of the IMO.
 133:.\Generated_Source\PSoC4/cyfitter_cfg.c **** *
 134:.\Generated_Source\PSoC4/cyfitter_cfg.c **** * Return:
 135:.\Generated_Source\PSoC4/cyfitter_cfg.c **** *   void
 136:.\Generated_Source\PSoC4/cyfitter_cfg.c **** *
 137:.\Generated_Source\PSoC4/cyfitter_cfg.c **** *******************************************************************************/
 138:.\Generated_Source\PSoC4/cyfitter_cfg.c **** static void SetIMOBGTrims(uint8 imoFreq);
 139:.\Generated_Source\PSoC4/cyfitter_cfg.c **** CY_CFG_SECTION
 140:.\Generated_Source\PSoC4/cyfitter_cfg.c **** static void SetIMOBGTrims(uint8 imoFreq)
 141:.\Generated_Source\PSoC4/cyfitter_cfg.c **** {
 131              		.loc 1 141 0
 132              		.cfi_startproc
 133 0000 80B5     		push	{r7, lr}
 134              		.cfi_def_cfa_offset 8
 135              		.cfi_offset 7, -8
 136              		.cfi_offset 14, -4
 137 0002 84B0     		sub	sp, sp, #16
 138              		.cfi_def_cfa_offset 24
 139 0004 00AF     		add	r7, sp, #0
 140              		.cfi_def_cfa_register 7
 141 0006 021C     		mov	r2, r0
 142 0008 FB1D     		add	r3, r7, #7
 143 000a 1A70     		strb	r2, [r3]
 142:.\Generated_Source\PSoC4/cyfitter_cfg.c **** 	CYPACKED typedef struct {
ARM GAS  C:\Users\LISABO~1\AppData\Local\Temp\ccRkVLqu.s 			page 6


 143:.\Generated_Source\PSoC4/cyfitter_cfg.c **** 		uint8 freq;
 144:.\Generated_Source\PSoC4/cyfitter_cfg.c **** 		uint8 absolute;
 145:.\Generated_Source\PSoC4/cyfitter_cfg.c **** 		uint8 tmpco;
 146:.\Generated_Source\PSoC4/cyfitter_cfg.c **** 	} CYPACKED_ATTR imo_trim_entry_t;
 147:.\Generated_Source\PSoC4/cyfitter_cfg.c **** 
 148:.\Generated_Source\PSoC4/cyfitter_cfg.c **** 	CYPACKED typedef struct {
 149:.\Generated_Source\PSoC4/cyfitter_cfg.c **** 		imo_trim_entry_t entries[4];
 150:.\Generated_Source\PSoC4/cyfitter_cfg.c **** 	} CYPACKED_ATTR imo_trim_table_t;
 151:.\Generated_Source\PSoC4/cyfitter_cfg.c **** 
 152:.\Generated_Source\PSoC4/cyfitter_cfg.c **** 	static const imo_trim_table_t *imo_trim_table = (const imo_trim_table_t *)CYREG_SFLASH_IMO_MAXF0;
 153:.\Generated_Source\PSoC4/cyfitter_cfg.c **** 	static const uint32 IMO_TRIM_FREQ_TABLE_ENTRIES = sizeof(imo_trim_table->entries)/sizeof(imo_trim_
 154:.\Generated_Source\PSoC4/cyfitter_cfg.c **** 
 155:.\Generated_Source\PSoC4/cyfitter_cfg.c **** 	int32 imoTrimIndex;
 156:.\Generated_Source\PSoC4/cyfitter_cfg.c **** 	uint8 setAbs;
 157:.\Generated_Source\PSoC4/cyfitter_cfg.c **** 	uint8 setTmpCo;
 158:.\Generated_Source\PSoC4/cyfitter_cfg.c **** 
 159:.\Generated_Source\PSoC4/cyfitter_cfg.c **** 	/* Traverse the SFLASH IMO frequency-dependent bandgap trim table to
 160:.\Generated_Source\PSoC4/cyfitter_cfg.c **** 	 * locate the appropriate value to trim the IMO bandgap based on freq. */
 161:.\Generated_Source\PSoC4/cyfitter_cfg.c **** 	setAbs = CY_GET_REG8((const void *)CYREG_SFLASH_IMO_ABS4);
 144              		.loc 1 161 0
 145 000c 204A     		ldr	r2, .L8
 146 000e 3B1C     		mov	r3, r7
 147 0010 0B33     		add	r3, r3, #11
 148 0012 1278     		ldrb	r2, [r2]
 149 0014 1A70     		strb	r2, [r3]
 162:.\Generated_Source\PSoC4/cyfitter_cfg.c **** 	setTmpCo = CY_GET_REG8((const void *)CYREG_SFLASH_IMO_TMPCO4);
 150              		.loc 1 162 0
 151 0016 1F4A     		ldr	r2, .L8+4
 152 0018 3B1C     		mov	r3, r7
 153 001a 0A33     		add	r3, r3, #10
 154 001c 1278     		ldrb	r2, [r2]
 155 001e 1A70     		strb	r2, [r3]
 163:.\Generated_Source\PSoC4/cyfitter_cfg.c **** 	for (imoTrimIndex = ((int32)IMO_TRIM_FREQ_TABLE_ENTRIES)-1;
 156              		.loc 1 163 0
 157 0020 0423     		mov	r3, #4
 158 0022 013B     		sub	r3, r3, #1
 159 0024 FB60     		str	r3, [r7, #12]
 160 0026 18E0     		b	.L5
 161              	.L7:
 164:.\Generated_Source\PSoC4/cyfitter_cfg.c **** 	     (imoTrimIndex >= 0) && (imoFreq <= imo_trim_table->entries[imoTrimIndex].freq);
 165:.\Generated_Source\PSoC4/cyfitter_cfg.c **** 	     imoTrimIndex--)
 166:.\Generated_Source\PSoC4/cyfitter_cfg.c **** 	{
 167:.\Generated_Source\PSoC4/cyfitter_cfg.c **** 		setAbs = imo_trim_table->entries[imoTrimIndex].absolute;
 162              		.loc 1 167 0
 163 0028 1B4B     		ldr	r3, .L8+8
 164 002a 1868     		ldr	r0, [r3]
 165 002c 391C     		mov	r1, r7
 166 002e 0B31     		add	r1, r1, #11
 167 0030 FA68     		ldr	r2, [r7, #12]
 168 0032 131C     		mov	r3, r2
 169 0034 5B00     		lsl	r3, r3, #1
 170 0036 9B18     		add	r3, r3, r2
 171 0038 C318     		add	r3, r0, r3
 172 003a 5B78     		ldrb	r3, [r3, #1]
 173 003c 0B70     		strb	r3, [r1]
 168:.\Generated_Source\PSoC4/cyfitter_cfg.c **** 		setTmpCo = imo_trim_table->entries[imoTrimIndex].tmpco;
 174              		.loc 1 168 0
ARM GAS  C:\Users\LISABO~1\AppData\Local\Temp\ccRkVLqu.s 			page 7


 175 003e 164B     		ldr	r3, .L8+8
 176 0040 1868     		ldr	r0, [r3]
 177 0042 391C     		mov	r1, r7
 178 0044 0A31     		add	r1, r1, #10
 179 0046 FA68     		ldr	r2, [r7, #12]
 180 0048 131C     		mov	r3, r2
 181 004a 5B00     		lsl	r3, r3, #1
 182 004c 9B18     		add	r3, r3, r2
 183 004e C318     		add	r3, r0, r3
 184 0050 9B78     		ldrb	r3, [r3, #2]
 185 0052 0B70     		strb	r3, [r1]
 165:.\Generated_Source\PSoC4/cyfitter_cfg.c **** 	     imoTrimIndex--)
 186              		.loc 1 165 0
 187 0054 FB68     		ldr	r3, [r7, #12]
 188 0056 013B     		sub	r3, r3, #1
 189 0058 FB60     		str	r3, [r7, #12]
 190              	.L5:
 163:.\Generated_Source\PSoC4/cyfitter_cfg.c **** 	for (imoTrimIndex = ((int32)IMO_TRIM_FREQ_TABLE_ENTRIES)-1;
 191              		.loc 1 163 0 discriminator 1
 192 005a FB68     		ldr	r3, [r7, #12]
 193 005c 002B     		cmp	r3, #0
 194 005e 0ADB     		blt	.L6
 164:.\Generated_Source\PSoC4/cyfitter_cfg.c **** 	     (imoTrimIndex >= 0) && (imoFreq <= imo_trim_table->entries[imoTrimIndex].freq);
 195              		.loc 1 164 0
 196 0060 0D4B     		ldr	r3, .L8+8
 197 0062 1968     		ldr	r1, [r3]
 198 0064 FA68     		ldr	r2, [r7, #12]
 199 0066 131C     		mov	r3, r2
 200 0068 5B00     		lsl	r3, r3, #1
 201 006a 9B18     		add	r3, r3, r2
 202 006c 5B5C     		ldrb	r3, [r3, r1]
 203 006e FA1D     		add	r2, r7, #7
 204 0070 1278     		ldrb	r2, [r2]
 205 0072 9A42     		cmp	r2, r3
 206 0074 D8D9     		bls	.L7
 207              	.L6:
 169:.\Generated_Source\PSoC4/cyfitter_cfg.c **** 	}
 170:.\Generated_Source\PSoC4/cyfitter_cfg.c **** 
 171:.\Generated_Source\PSoC4/cyfitter_cfg.c **** 	CY_SET_REG32((void *)CYREG_PWR_BG_TRIM4, setAbs);
 208              		.loc 1 171 0
 209 0076 094B     		ldr	r3, .L8+12
 210 0078 3A1C     		mov	r2, r7
 211 007a 0B32     		add	r2, r2, #11
 212 007c 1278     		ldrb	r2, [r2]
 213 007e 1A60     		str	r2, [r3]
 172:.\Generated_Source\PSoC4/cyfitter_cfg.c **** 	CY_SET_REG32((void *)CYREG_PWR_BG_TRIM5, setTmpCo);
 214              		.loc 1 172 0
 215 0080 074B     		ldr	r3, .L8+16
 216 0082 3A1C     		mov	r2, r7
 217 0084 0A32     		add	r2, r2, #10
 218 0086 1278     		ldrb	r2, [r2]
 219 0088 1A60     		str	r2, [r3]
 173:.\Generated_Source\PSoC4/cyfitter_cfg.c **** }
 220              		.loc 1 173 0
 221 008a BD46     		mov	sp, r7
 222 008c 04B0     		add	sp, sp, #16
 223              		@ sp needed
ARM GAS  C:\Users\LISABO~1\AppData\Local\Temp\ccRkVLqu.s 			page 8


 224 008e 80BD     		pop	{r7, pc}
 225              	.L9:
 226              		.align	2
 227              	.L8:
 228 0090 CCF1FF0F 		.word	268431820
 229 0094 CDF1FF0F 		.word	268431821
 230 0098 00000000 		.word	imo_trim_table.4717
 231 009c 1CFF0B40 		.word	1074528028
 232 00a0 20FF0B40 		.word	1074528032
 233              		.cfi_endproc
 234              	.LFE5:
 235              		.size	SetIMOBGTrims, .-SetIMOBGTrims
 236              		.align	2
 237              		.code	16
 238              		.thumb_func
 239              		.type	ClockSetup, %function
 240              	ClockSetup:
 241              	.LFB6:
 174:.\Generated_Source\PSoC4/cyfitter_cfg.c **** 
 175:.\Generated_Source\PSoC4/cyfitter_cfg.c **** 
 176:.\Generated_Source\PSoC4/cyfitter_cfg.c **** 
 177:.\Generated_Source\PSoC4/cyfitter_cfg.c **** /*******************************************************************************
 178:.\Generated_Source\PSoC4/cyfitter_cfg.c **** * Function Name: ClockSetup
 179:.\Generated_Source\PSoC4/cyfitter_cfg.c **** ********************************************************************************
 180:.\Generated_Source\PSoC4/cyfitter_cfg.c **** *
 181:.\Generated_Source\PSoC4/cyfitter_cfg.c **** * Summary:
 182:.\Generated_Source\PSoC4/cyfitter_cfg.c **** *   Performs the initialization of all of the clocks in the device based on the
 183:.\Generated_Source\PSoC4/cyfitter_cfg.c **** *   settings in the Clock tab of the DWR.  This includes enabling the requested
 184:.\Generated_Source\PSoC4/cyfitter_cfg.c **** *   clocks and setting the necessary dividers to produce the desired frequency. 
 185:.\Generated_Source\PSoC4/cyfitter_cfg.c **** *
 186:.\Generated_Source\PSoC4/cyfitter_cfg.c **** * Parameters:
 187:.\Generated_Source\PSoC4/cyfitter_cfg.c **** *   void
 188:.\Generated_Source\PSoC4/cyfitter_cfg.c **** *
 189:.\Generated_Source\PSoC4/cyfitter_cfg.c **** * Return:
 190:.\Generated_Source\PSoC4/cyfitter_cfg.c **** *   void
 191:.\Generated_Source\PSoC4/cyfitter_cfg.c **** *
 192:.\Generated_Source\PSoC4/cyfitter_cfg.c **** *******************************************************************************/
 193:.\Generated_Source\PSoC4/cyfitter_cfg.c **** static void ClockSetup(void);
 194:.\Generated_Source\PSoC4/cyfitter_cfg.c **** CY_CFG_SECTION
 195:.\Generated_Source\PSoC4/cyfitter_cfg.c **** static void ClockSetup(void)
 196:.\Generated_Source\PSoC4/cyfitter_cfg.c **** {
 242              		.loc 1 196 0
 243              		.cfi_startproc
 244 00a4 80B5     		push	{r7, lr}
 245              		.cfi_def_cfa_offset 8
 246              		.cfi_offset 7, -8
 247              		.cfi_offset 14, -4
 248 00a6 00AF     		add	r7, sp, #0
 249              		.cfi_def_cfa_register 7
 197:.\Generated_Source\PSoC4/cyfitter_cfg.c **** 
 198:.\Generated_Source\PSoC4/cyfitter_cfg.c **** 	/* Set Flash Cycles based on max possible frequency in case a glitch occurs during ClockSetup(). *
 199:.\Generated_Source\PSoC4/cyfitter_cfg.c **** 	CY_SET_REG32((void CYXDATA *)(CYREG_CPUSS_FLASH_CTL), (0x0012u));
 250              		.loc 1 199 0
 251 00a8 234B     		ldr	r3, .L11
 252 00aa 1222     		mov	r2, #18
 253 00ac 1A60     		str	r2, [r3]
 200:.\Generated_Source\PSoC4/cyfitter_cfg.c **** 	/* Trim IMO BG based on desired frequency. */
ARM GAS  C:\Users\LISABO~1\AppData\Local\Temp\ccRkVLqu.s 			page 9


 201:.\Generated_Source\PSoC4/cyfitter_cfg.c **** 	SetIMOBGTrims(48u);
 254              		.loc 1 201 0
 255 00ae 3020     		mov	r0, #48
 256 00b0 FFF7A6FF 		bl	SetIMOBGTrims
 202:.\Generated_Source\PSoC4/cyfitter_cfg.c **** 
 203:.\Generated_Source\PSoC4/cyfitter_cfg.c **** 	/* Going faster than 24MHz, so update trim value then adjust to new clock speed. */
 204:.\Generated_Source\PSoC4/cyfitter_cfg.c **** 	CY_SET_REG32((void CYXDATA *)(CYREG_CLK_IMO_TRIM1), (CY_GET_REG8((void *)CYREG_SFLASH_IMO_TRIM45))
 257              		.loc 1 204 0
 258 00b4 214B     		ldr	r3, .L11+4
 259 00b6 224A     		ldr	r2, .L11+8
 260 00b8 1278     		ldrb	r2, [r2]
 261 00ba D2B2     		uxtb	r2, r2
 262 00bc 1A60     		str	r2, [r3]
 205:.\Generated_Source\PSoC4/cyfitter_cfg.c **** 	CyDelayUs(5u);
 263              		.loc 1 205 0
 264 00be 0520     		mov	r0, #5
 265 00c0 FFF7FEFF 		bl	CyDelayUs
 206:.\Generated_Source\PSoC4/cyfitter_cfg.c **** 	CY_SET_REG32((void CYXDATA *)(CYREG_CLK_IMO_TRIM2), (53u));
 266              		.loc 1 206 0
 267 00c4 1F4B     		ldr	r3, .L11+12
 268 00c6 3522     		mov	r2, #53
 269 00c8 1A60     		str	r2, [r3]
 207:.\Generated_Source\PSoC4/cyfitter_cfg.c **** 
 208:.\Generated_Source\PSoC4/cyfitter_cfg.c **** 	/* Start the WCO */
 209:.\Generated_Source\PSoC4/cyfitter_cfg.c **** 	CySysClkWcoStart();
 270              		.loc 1 209 0
 271 00ca FFF7FEFF 		bl	CySysClkWcoStart
 210:.\Generated_Source\PSoC4/cyfitter_cfg.c **** 	CyDelay(500u); /* WCO may take up to 500ms to start */
 272              		.loc 1 210 0
 273 00ce FA23     		mov	r3, #250
 274 00d0 5B00     		lsl	r3, r3, #1
 275 00d2 181C     		mov	r0, r3
 276 00d4 FFF7FEFF 		bl	CyDelay
 211:.\Generated_Source\PSoC4/cyfitter_cfg.c **** 	(void)CySysClkWcoSetPowerMode(CY_SYS_CLK_WCO_LPM);    /* Switch to the low power mode */
 277              		.loc 1 211 0
 278 00d8 0120     		mov	r0, #1
 279 00da FFF7FEFF 		bl	CySysClkWcoSetPowerMode
 212:.\Generated_Source\PSoC4/cyfitter_cfg.c **** 	/* CYDEV_CLK_ILO_CONFIG Starting address: CYDEV_CLK_ILO_CONFIG */
 213:.\Generated_Source\PSoC4/cyfitter_cfg.c **** 	CY_SET_XTND_REG32((void CYFAR *)(CYREG_CLK_ILO_CONFIG), 0x80000006u);
 280              		.loc 1 213 0
 281 00de 1A4B     		ldr	r3, .L11+16
 282 00e0 1A4A     		ldr	r2, .L11+20
 283 00e2 1A60     		str	r2, [r3]
 214:.\Generated_Source\PSoC4/cyfitter_cfg.c **** 
 215:.\Generated_Source\PSoC4/cyfitter_cfg.c **** 	/* CYDEV_WDT_CONFIG Starting address: CYDEV_WDT_CONFIG */
 216:.\Generated_Source\PSoC4/cyfitter_cfg.c **** 	CY_SET_XTND_REG32((void CYFAR *)(CYREG_WDT_CONFIG), 0x40000000u);
 284              		.loc 1 216 0
 285 00e4 1A4B     		ldr	r3, .L11+24
 286 00e6 8022     		mov	r2, #128
 287 00e8 D205     		lsl	r2, r2, #23
 288 00ea 1A60     		str	r2, [r3]
 217:.\Generated_Source\PSoC4/cyfitter_cfg.c **** 
 218:.\Generated_Source\PSoC4/cyfitter_cfg.c **** 
 219:.\Generated_Source\PSoC4/cyfitter_cfg.c **** 	CY_SET_XTND_REG32((void CYFAR *)(CYREG_BLE_BLERD_BB_XO_CAPTRIM), 0x00002D6Au);
 289              		.loc 1 219 0
 290 00ec 194B     		ldr	r3, .L11+28
 291 00ee 1A4A     		ldr	r2, .L11+32
ARM GAS  C:\Users\LISABO~1\AppData\Local\Temp\ccRkVLqu.s 			page 10


 292 00f0 1A60     		str	r2, [r3]
 220:.\Generated_Source\PSoC4/cyfitter_cfg.c **** 	/* Disable Crystal Stable Interrupt before enabling ECO */
 221:.\Generated_Source\PSoC4/cyfitter_cfg.c **** 	CY_SET_REG32((void*)CYREG_BLE_BLESS_LL_DSM_CTRL, CY_GET_REG32((void*)CYREG_BLE_BLESS_LL_DSM_CTRL) 
 293              		.loc 1 221 0
 294 00f2 1A4B     		ldr	r3, .L11+36
 295 00f4 194A     		ldr	r2, .L11+36
 296 00f6 1268     		ldr	r2, [r2]
 297 00f8 0821     		mov	r1, #8
 298 00fa 8A43     		bic	r2, r1
 299 00fc 1A60     		str	r2, [r3]
 222:.\Generated_Source\PSoC4/cyfitter_cfg.c **** 	/* Start the ECO and do not check status since it is not needed for HFCLK */
 223:.\Generated_Source\PSoC4/cyfitter_cfg.c **** 	(void)CySysClkEcoStart(2000u);
 300              		.loc 1 223 0
 301 00fe FA23     		mov	r3, #250
 302 0100 DB00     		lsl	r3, r3, #3
 303 0102 181C     		mov	r0, r3
 304 0104 FFF7FEFF 		bl	CySysClkEcoStart
 224:.\Generated_Source\PSoC4/cyfitter_cfg.c **** 	CyDelayUs(1500u); /* Wait to stabalize */
 305              		.loc 1 224 0
 306 0108 154B     		ldr	r3, .L11+40
 307 010a 181C     		mov	r0, r3
 308 010c FFF7FEFF 		bl	CyDelayUs
 225:.\Generated_Source\PSoC4/cyfitter_cfg.c **** 
 226:.\Generated_Source\PSoC4/cyfitter_cfg.c **** 	/* Setup phase aligned clocks */
 227:.\Generated_Source\PSoC4/cyfitter_cfg.c **** 	CY_SET_REG32((void *)CYREG_PERI_DIV_16_CTL00, 0x00BB7F00u);
 309              		.loc 1 227 0
 310 0110 144B     		ldr	r3, .L11+44
 311 0112 154A     		ldr	r2, .L11+48
 312 0114 1A60     		str	r2, [r3]
 228:.\Generated_Source\PSoC4/cyfitter_cfg.c **** 	CY_SET_REG32((void *)CYREG_PERI_DIV_CMD, 0x8000FF40u);
 313              		.loc 1 228 0
 314 0116 154B     		ldr	r3, .L11+52
 315 0118 154A     		ldr	r2, .L11+56
 316 011a 1A60     		str	r2, [r3]
 229:.\Generated_Source\PSoC4/cyfitter_cfg.c **** 
 230:.\Generated_Source\PSoC4/cyfitter_cfg.c **** 	/* CYDEV_CLK_IMO_CONFIG Starting address: CYDEV_CLK_IMO_CONFIG */
 231:.\Generated_Source\PSoC4/cyfitter_cfg.c **** 	CY_SET_XTND_REG32((void CYFAR *)(CYREG_CLK_IMO_CONFIG), 0x80000000u);
 317              		.loc 1 231 0
 318 011c 154B     		ldr	r3, .L11+60
 319 011e 8022     		mov	r2, #128
 320 0120 1206     		lsl	r2, r2, #24
 321 0122 1A60     		str	r2, [r3]
 232:.\Generated_Source\PSoC4/cyfitter_cfg.c **** 
 233:.\Generated_Source\PSoC4/cyfitter_cfg.c **** 	/* CYDEV_CLK_SELECT Starting address: CYDEV_CLK_SELECT */
 234:.\Generated_Source\PSoC4/cyfitter_cfg.c **** 	CY_SET_XTND_REG32((void CYFAR *)(CYREG_CLK_SELECT), 0x00040000u);
 322              		.loc 1 234 0
 323 0124 144B     		ldr	r3, .L11+64
 324 0126 8022     		mov	r2, #128
 325 0128 D202     		lsl	r2, r2, #11
 326 012a 1A60     		str	r2, [r3]
 235:.\Generated_Source\PSoC4/cyfitter_cfg.c **** 
 236:.\Generated_Source\PSoC4/cyfitter_cfg.c **** 	/* CYDEV_PERI_PCLK_CTL07 Starting address: CYDEV_PERI_PCLK_CTL07 */
 237:.\Generated_Source\PSoC4/cyfitter_cfg.c **** 	CY_SET_XTND_REG32((void CYFAR *)(CYREG_PERI_PCLK_CTL07), 0x00000040u);
 327              		.loc 1 237 0
 328 012c 134B     		ldr	r3, .L11+68
 329 012e 4022     		mov	r2, #64
 330 0130 1A60     		str	r2, [r3]
ARM GAS  C:\Users\LISABO~1\AppData\Local\Temp\ccRkVLqu.s 			page 11


 238:.\Generated_Source\PSoC4/cyfitter_cfg.c **** 
 239:.\Generated_Source\PSoC4/cyfitter_cfg.c **** }
 331              		.loc 1 239 0
 332 0132 BD46     		mov	sp, r7
 333              		@ sp needed
 334 0134 80BD     		pop	{r7, pc}
 335              	.L12:
 336 0136 C046     		.align	2
 337              	.L11:
 338 0138 30001040 		.word	1074790448
 339 013c 28FF0B40 		.word	1074528040
 340 0140 FDF1FF0F 		.word	268431869
 341 0144 2CFF0B40 		.word	1074528044
 342 0148 04010B40 		.word	1074462980
 343 014c 06000080 		.word	-2147483642
 344 0150 0C020B40 		.word	1074463244
 345 0154 7C002E40 		.word	1076756604
 346 0158 6A2D0000 		.word	11626
 347 015c 6CF02E40 		.word	1076818028
 348 0160 DC050000 		.word	1500
 349 0164 00030140 		.word	1073808128
 350 0168 007FBB00 		.word	12287744
 351 016c 00000140 		.word	1073807360
 352 0170 40FF0080 		.word	-2147418304
 353 0174 08010B40 		.word	1074462984
 354 0178 00010B40 		.word	1074462976
 355 017c 1C010140 		.word	1073807644
 356              		.cfi_endproc
 357              	.LFE6:
 358              		.size	ClockSetup, .-ClockSetup
 359              		.section	.text.AnalogSetDefault,"ax",%progbits
 360              		.align	2
 361              		.code	16
 362              		.thumb_func
 363              		.type	AnalogSetDefault, %function
 364              	AnalogSetDefault:
 365              	.LFB7:
 240:.\Generated_Source\PSoC4/cyfitter_cfg.c **** 
 241:.\Generated_Source\PSoC4/cyfitter_cfg.c **** 
 242:.\Generated_Source\PSoC4/cyfitter_cfg.c **** /* Analog API Functions */
 243:.\Generated_Source\PSoC4/cyfitter_cfg.c **** 
 244:.\Generated_Source\PSoC4/cyfitter_cfg.c **** 
 245:.\Generated_Source\PSoC4/cyfitter_cfg.c **** /*******************************************************************************
 246:.\Generated_Source\PSoC4/cyfitter_cfg.c **** * Function Name: AnalogSetDefault
 247:.\Generated_Source\PSoC4/cyfitter_cfg.c **** ********************************************************************************
 248:.\Generated_Source\PSoC4/cyfitter_cfg.c **** *
 249:.\Generated_Source\PSoC4/cyfitter_cfg.c **** * Summary:
 250:.\Generated_Source\PSoC4/cyfitter_cfg.c **** *  Sets up the analog portions of the chip to default values based on chip
 251:.\Generated_Source\PSoC4/cyfitter_cfg.c **** *  configuration options from the project.
 252:.\Generated_Source\PSoC4/cyfitter_cfg.c **** *
 253:.\Generated_Source\PSoC4/cyfitter_cfg.c **** * Parameters:
 254:.\Generated_Source\PSoC4/cyfitter_cfg.c **** *  void
 255:.\Generated_Source\PSoC4/cyfitter_cfg.c **** *
 256:.\Generated_Source\PSoC4/cyfitter_cfg.c **** * Return:
 257:.\Generated_Source\PSoC4/cyfitter_cfg.c **** *  void
 258:.\Generated_Source\PSoC4/cyfitter_cfg.c **** *
 259:.\Generated_Source\PSoC4/cyfitter_cfg.c **** *******************************************************************************/
ARM GAS  C:\Users\LISABO~1\AppData\Local\Temp\ccRkVLqu.s 			page 12


 260:.\Generated_Source\PSoC4/cyfitter_cfg.c **** static void AnalogSetDefault(void);
 261:.\Generated_Source\PSoC4/cyfitter_cfg.c **** static void AnalogSetDefault(void)
 262:.\Generated_Source\PSoC4/cyfitter_cfg.c **** {
 366              		.loc 1 262 0
 367              		.cfi_startproc
 368 0000 80B5     		push	{r7, lr}
 369              		.cfi_def_cfa_offset 8
 370              		.cfi_offset 7, -8
 371              		.cfi_offset 14, -4
 372 0002 00AF     		add	r7, sp, #0
 373              		.cfi_def_cfa_register 7
 263:.\Generated_Source\PSoC4/cyfitter_cfg.c **** 	CY_SET_XTND_REG32((void CYFAR *)CYREG_CTBM0_DFT_CTRL, 0x00000003u);
 374              		.loc 1 263 0
 375 0004 054B     		ldr	r3, .L14
 376 0006 0322     		mov	r2, #3
 377 0008 1A60     		str	r2, [r3]
 264:.\Generated_Source\PSoC4/cyfitter_cfg.c **** 	CY_SET_XTND_REG32((void CYFAR *)CYREG_CTBM1_DFT_CTRL, 0x00000003u);
 378              		.loc 1 264 0
 379 000a 054B     		ldr	r3, .L14+4
 380 000c 0322     		mov	r2, #3
 381 000e 1A60     		str	r2, [r3]
 265:.\Generated_Source\PSoC4/cyfitter_cfg.c **** 	CY_SET_XTND_REG32((void CYFAR *)CYREG_PASS_DSAB_DSAB_CTRL, 0x00000000u);
 382              		.loc 1 265 0
 383 0010 044B     		ldr	r3, .L14+8
 384 0012 0022     		mov	r2, #0
 385 0014 1A60     		str	r2, [r3]
 266:.\Generated_Source\PSoC4/cyfitter_cfg.c **** }
 386              		.loc 1 266 0
 387 0016 BD46     		mov	sp, r7
 388              		@ sp needed
 389 0018 80BD     		pop	{r7, pc}
 390              	.L15:
 391 001a C046     		.align	2
 392              	.L14:
 393 001c 30003040 		.word	1076887600
 394 0020 30003140 		.word	1076953136
 395 0024 000E3F40 		.word	1077874176
 396              		.cfi_endproc
 397              	.LFE7:
 398              		.size	AnalogSetDefault, .-AnalogSetDefault
 399              		.section	.psocinit
 400              		.align	2
 401              		.global	cyfitter_cfg
 402              		.code	16
 403              		.thumb_func
 404              		.type	cyfitter_cfg, %function
 405              	cyfitter_cfg:
 406              	.LFB8:
 267:.\Generated_Source\PSoC4/cyfitter_cfg.c **** 
 268:.\Generated_Source\PSoC4/cyfitter_cfg.c **** #define CY_AMUX_UNUSED CYREG_CM0_ROM_DWT
 269:.\Generated_Source\PSoC4/cyfitter_cfg.c **** 
 270:.\Generated_Source\PSoC4/cyfitter_cfg.c **** 
 271:.\Generated_Source\PSoC4/cyfitter_cfg.c **** /*******************************************************************************
 272:.\Generated_Source\PSoC4/cyfitter_cfg.c **** * Function Name: cyfitter_cfg
 273:.\Generated_Source\PSoC4/cyfitter_cfg.c **** ********************************************************************************
 274:.\Generated_Source\PSoC4/cyfitter_cfg.c **** * Summary:
 275:.\Generated_Source\PSoC4/cyfitter_cfg.c **** *  This function is called by the start-up code for the selected device. It
ARM GAS  C:\Users\LISABO~1\AppData\Local\Temp\ccRkVLqu.s 			page 13


 276:.\Generated_Source\PSoC4/cyfitter_cfg.c **** *  performs all of the necessary device configuration based on the design
 277:.\Generated_Source\PSoC4/cyfitter_cfg.c **** *  settings.  This includes settings from the Design Wide Resources (DWR) such
 278:.\Generated_Source\PSoC4/cyfitter_cfg.c **** *  as Clocks and Pins as well as any component configuration that is necessary.
 279:.\Generated_Source\PSoC4/cyfitter_cfg.c **** *
 280:.\Generated_Source\PSoC4/cyfitter_cfg.c **** * Parameters:  
 281:.\Generated_Source\PSoC4/cyfitter_cfg.c **** *   void
 282:.\Generated_Source\PSoC4/cyfitter_cfg.c **** *
 283:.\Generated_Source\PSoC4/cyfitter_cfg.c **** * Return:
 284:.\Generated_Source\PSoC4/cyfitter_cfg.c **** *   void
 285:.\Generated_Source\PSoC4/cyfitter_cfg.c **** *
 286:.\Generated_Source\PSoC4/cyfitter_cfg.c **** *******************************************************************************/
 287:.\Generated_Source\PSoC4/cyfitter_cfg.c **** CY_CFG_SECTION
 288:.\Generated_Source\PSoC4/cyfitter_cfg.c **** void cyfitter_cfg(void)
 289:.\Generated_Source\PSoC4/cyfitter_cfg.c **** {
 407              		.loc 1 289 0
 408              		.cfi_startproc
 409 0180 80B5     		push	{r7, lr}
 410              		.cfi_def_cfa_offset 8
 411              		.cfi_offset 7, -8
 412              		.cfi_offset 14, -4
 413 0182 82B0     		sub	sp, sp, #8
 414              		.cfi_def_cfa_offset 16
 415 0184 00AF     		add	r7, sp, #0
 416              		.cfi_def_cfa_register 7
 290:.\Generated_Source\PSoC4/cyfitter_cfg.c **** 	/* Disable interrupts by default. Let user enable if/when they want. */
 291:.\Generated_Source\PSoC4/cyfitter_cfg.c **** 	CyGlobalIntDisable;
 417              		.loc 1 291 0
 418              	@ 291 ".\Generated_Source\PSoC4\cyfitter_cfg.c" 1
 419 0186 72B6     		CPSID   i
 420              	@ 0 "" 2
 292:.\Generated_Source\PSoC4/cyfitter_cfg.c **** 
 293:.\Generated_Source\PSoC4/cyfitter_cfg.c **** 	CY_SET_XTND_REG32((void CYFAR *)(CYREG_BLE_BLESS_LL_DSM_CTRL), 0x00000000u);
 421              		.loc 1 293 0
 422              		.code	16
 423 0188 324B     		ldr	r3, .L19
 424 018a 0022     		mov	r2, #0
 425 018c 1A60     		str	r2, [r3]
 426              	.LBB2:
 294:.\Generated_Source\PSoC4/cyfitter_cfg.c **** 
 295:.\Generated_Source\PSoC4/cyfitter_cfg.c **** 	{
 296:.\Generated_Source\PSoC4/cyfitter_cfg.c **** 
 297:.\Generated_Source\PSoC4/cyfitter_cfg.c **** 		CYPACKED typedef struct {
 298:.\Generated_Source\PSoC4/cyfitter_cfg.c **** 			void CYFAR *address;
 299:.\Generated_Source\PSoC4/cyfitter_cfg.c **** 			uint16 size;
 300:.\Generated_Source\PSoC4/cyfitter_cfg.c **** 		} CYPACKED_ATTR cfg_memset_t;
 301:.\Generated_Source\PSoC4/cyfitter_cfg.c **** 
 302:.\Generated_Source\PSoC4/cyfitter_cfg.c **** 		static const cfg_memset_t CYCODE cfg_memset_list [] = {
 303:.\Generated_Source\PSoC4/cyfitter_cfg.c **** 			/* address, size */
 304:.\Generated_Source\PSoC4/cyfitter_cfg.c **** 			{(void CYFAR *)(CYDEV_UDB_P0_U0_BASE), 1024u},
 305:.\Generated_Source\PSoC4/cyfitter_cfg.c **** 			{(void CYFAR *)(CYDEV_UDB_DSI0_BASE), 1024u},
 306:.\Generated_Source\PSoC4/cyfitter_cfg.c **** 		};
 307:.\Generated_Source\PSoC4/cyfitter_cfg.c **** 
 308:.\Generated_Source\PSoC4/cyfitter_cfg.c **** 		uint8 CYDATA i;
 309:.\Generated_Source\PSoC4/cyfitter_cfg.c **** 
 310:.\Generated_Source\PSoC4/cyfitter_cfg.c **** 		/* Zero out critical memory blocks before beginning configuration */
 311:.\Generated_Source\PSoC4/cyfitter_cfg.c **** 		for (i = 0u; i < (sizeof(cfg_memset_list)/sizeof(cfg_memset_list[0])); i++)
 427              		.loc 1 311 0
ARM GAS  C:\Users\LISABO~1\AppData\Local\Temp\ccRkVLqu.s 			page 14


 428 018e FB1D     		add	r3, r7, #7
 429 0190 0022     		mov	r2, #0
 430 0192 1A70     		strb	r2, [r3]
 431 0194 23E0     		b	.L17
 432              	.L18:
 433              	.LBB3:
 312:.\Generated_Source\PSoC4/cyfitter_cfg.c **** 		{
 313:.\Generated_Source\PSoC4/cyfitter_cfg.c **** 			const cfg_memset_t CYCODE * CYDATA ms = &cfg_memset_list[i];
 434              		.loc 1 313 0 discriminator 2
 435 0196 FB1D     		add	r3, r7, #7
 436 0198 1A78     		ldrb	r2, [r3]
 437 019a 131C     		mov	r3, r2
 438 019c 5B00     		lsl	r3, r3, #1
 439 019e 9B18     		add	r3, r3, r2
 440 01a0 5B00     		lsl	r3, r3, #1
 441 01a2 2D4A     		ldr	r2, .L19+4
 442 01a4 9B18     		add	r3, r3, r2
 443 01a6 3B60     		str	r3, [r7]
 314:.\Generated_Source\PSoC4/cyfitter_cfg.c **** 			CYMEMZERO(ms->address, (size_t)(uint32)(ms->size));
 444              		.loc 1 314 0 discriminator 2
 445 01a8 3B68     		ldr	r3, [r7]
 446 01aa 1A78     		ldrb	r2, [r3]
 447 01ac 5978     		ldrb	r1, [r3, #1]
 448 01ae 0902     		lsl	r1, r1, #8
 449 01b0 0A43     		orr	r2, r1
 450 01b2 9978     		ldrb	r1, [r3, #2]
 451 01b4 0904     		lsl	r1, r1, #16
 452 01b6 0A43     		orr	r2, r1
 453 01b8 DB78     		ldrb	r3, [r3, #3]
 454 01ba 1B06     		lsl	r3, r3, #24
 455 01bc 1343     		orr	r3, r2
 456 01be 1A1C     		mov	r2, r3
 457 01c0 3B68     		ldr	r3, [r7]
 458 01c2 1979     		ldrb	r1, [r3, #4]
 459 01c4 5B79     		ldrb	r3, [r3, #5]
 460 01c6 1B02     		lsl	r3, r3, #8
 461 01c8 0B43     		orr	r3, r1
 462 01ca 9BB2     		uxth	r3, r3
 463 01cc 101C     		mov	r0, r2
 464 01ce 191C     		mov	r1, r3
 465 01d0 FFF7FEFF 		bl	CYMEMZERO
 466              	.LBE3:
 311:.\Generated_Source\PSoC4/cyfitter_cfg.c **** 		for (i = 0u; i < (sizeof(cfg_memset_list)/sizeof(cfg_memset_list[0])); i++)
 467              		.loc 1 311 0 discriminator 2
 468 01d4 FB1D     		add	r3, r7, #7
 469 01d6 1A78     		ldrb	r2, [r3]
 470 01d8 FB1D     		add	r3, r7, #7
 471 01da 0132     		add	r2, r2, #1
 472 01dc 1A70     		strb	r2, [r3]
 473              	.L17:
 311:.\Generated_Source\PSoC4/cyfitter_cfg.c **** 		for (i = 0u; i < (sizeof(cfg_memset_list)/sizeof(cfg_memset_list[0])); i++)
 474              		.loc 1 311 0 is_stmt 0 discriminator 1
 475 01de FB1D     		add	r3, r7, #7
 476 01e0 1B78     		ldrb	r3, [r3]
 477 01e2 012B     		cmp	r3, #1
 478 01e4 D7D9     		bls	.L18
 315:.\Generated_Source\PSoC4/cyfitter_cfg.c **** 		}
ARM GAS  C:\Users\LISABO~1\AppData\Local\Temp\ccRkVLqu.s 			page 15


 316:.\Generated_Source\PSoC4/cyfitter_cfg.c **** 
 317:.\Generated_Source\PSoC4/cyfitter_cfg.c **** 		/* HSIOM Starting address: CYDEV_HSIOM_BASE */
 318:.\Generated_Source\PSoC4/cyfitter_cfg.c **** 		CY_SET_XTND_REG32((void CYFAR *)(CYDEV_HSIOM_BASE), 0xEE000000u);
 479              		.loc 1 318 0 is_stmt 1
 480 01e6 1D4B     		ldr	r3, .L19+8
 481 01e8 EE22     		mov	r2, #238
 482 01ea 1206     		lsl	r2, r2, #24
 483 01ec 1A60     		str	r2, [r3]
 319:.\Generated_Source\PSoC4/cyfitter_cfg.c **** 
 320:.\Generated_Source\PSoC4/cyfitter_cfg.c **** 		/* IOPINS0_0 Starting address: CYDEV_GPIO_PRT0_DR */
 321:.\Generated_Source\PSoC4/cyfitter_cfg.c **** 		CY_SET_XTND_REG32((void CYFAR *)(CYREG_GPIO_PRT0_PC), 0x00D80000u);
 484              		.loc 1 321 0
 485 01ee 1C4B     		ldr	r3, .L19+12
 486 01f0 D822     		mov	r2, #216
 487 01f2 1204     		lsl	r2, r2, #16
 488 01f4 1A60     		str	r2, [r3]
 322:.\Generated_Source\PSoC4/cyfitter_cfg.c **** 
 323:.\Generated_Source\PSoC4/cyfitter_cfg.c **** 		/* IOPINS0_3 Starting address: CYDEV_GPIO_PRT3_DR */
 324:.\Generated_Source\PSoC4/cyfitter_cfg.c **** 		CY_SET_XTND_REG32((void CYFAR *)(CYREG_GPIO_PRT3_PC), 0x00C00000u);
 489              		.loc 1 324 0
 490 01f6 1B4B     		ldr	r3, .L19+16
 491 01f8 C022     		mov	r2, #192
 492 01fa 1204     		lsl	r2, r2, #16
 493 01fc 1A60     		str	r2, [r3]
 325:.\Generated_Source\PSoC4/cyfitter_cfg.c **** 
 326:.\Generated_Source\PSoC4/cyfitter_cfg.c **** 		/* UDB_PA_0 Starting address: CYDEV_UDB_PA0_BASE */
 327:.\Generated_Source\PSoC4/cyfitter_cfg.c **** 		CY_SET_XTND_REG32((void CYFAR *)(CYDEV_UDB_PA0_BASE), 0x00990000u);
 494              		.loc 1 327 0
 495 01fe 1A4B     		ldr	r3, .L19+20
 496 0200 9922     		mov	r2, #153
 497 0202 1204     		lsl	r2, r2, #16
 498 0204 1A60     		str	r2, [r3]
 328:.\Generated_Source\PSoC4/cyfitter_cfg.c **** 
 329:.\Generated_Source\PSoC4/cyfitter_cfg.c **** 		/* UDB_PA_3 Starting address: CYDEV_UDB_PA3_BASE */
 330:.\Generated_Source\PSoC4/cyfitter_cfg.c **** 		CY_SET_XTND_REG32((void CYFAR *)(CYDEV_UDB_PA3_BASE), 0x00990000u);
 499              		.loc 1 330 0
 500 0206 194B     		ldr	r3, .L19+24
 501 0208 9922     		mov	r2, #153
 502 020a 1204     		lsl	r2, r2, #16
 503 020c 1A60     		str	r2, [r3]
 331:.\Generated_Source\PSoC4/cyfitter_cfg.c **** 
 332:.\Generated_Source\PSoC4/cyfitter_cfg.c **** 		/* Enable digital routing */
 333:.\Generated_Source\PSoC4/cyfitter_cfg.c **** 		CY_SET_XTND_REG8((void *)CYREG_UDB_UDBIF_BANK_CTL, CY_GET_XTND_REG8((void *)CYREG_UDB_UDBIF_BANK_
 504              		.loc 1 333 0
 505 020e 184B     		ldr	r3, .L19+28
 506 0210 174A     		ldr	r2, .L19+28
 507 0212 1278     		ldrb	r2, [r2]
 508 0214 D2B2     		uxtb	r2, r2
 509 0216 0221     		mov	r1, #2
 510 0218 0A43     		orr	r2, r1
 511 021a D2B2     		uxtb	r2, r2
 512 021c 1A70     		strb	r2, [r3]
 334:.\Generated_Source\PSoC4/cyfitter_cfg.c **** 
 335:.\Generated_Source\PSoC4/cyfitter_cfg.c **** 		/* Enable UDB array */
 336:.\Generated_Source\PSoC4/cyfitter_cfg.c **** 		CY_SET_XTND_REG8((void *)CYREG_UDB_UDBIF_WAIT_CFG, (uint8)((CY_GET_XTND_REG8((void *)CYREG_UDB_UD
 513              		.loc 1 336 0
 514 021e 154B     		ldr	r3, .L19+32
ARM GAS  C:\Users\LISABO~1\AppData\Local\Temp\ccRkVLqu.s 			page 16


 515 0220 144A     		ldr	r2, .L19+32
 516 0222 1278     		ldrb	r2, [r2]
 517 0224 D2B2     		uxtb	r2, r2
 518 0226 3C21     		mov	r1, #60
 519 0228 8A43     		bic	r2, r1
 520 022a D2B2     		uxtb	r2, r2
 521 022c 1421     		mov	r1, #20
 522 022e 0A43     		orr	r2, r1
 523 0230 D2B2     		uxtb	r2, r2
 524 0232 1A70     		strb	r2, [r3]
 337:.\Generated_Source\PSoC4/cyfitter_cfg.c **** 		CY_SET_XTND_REG8((void *)CYREG_UDB_UDBIF_BANK_CTL, (uint8)(CY_GET_XTND_REG8((void *)CYREG_UDB_UDB
 525              		.loc 1 337 0
 526 0234 0E4B     		ldr	r3, .L19+28
 527 0236 0E4A     		ldr	r2, .L19+28
 528 0238 1278     		ldrb	r2, [r2]
 529 023a D2B2     		uxtb	r2, r2
 530 023c 1621     		mov	r1, #22
 531 023e 0A43     		orr	r2, r1
 532 0240 D2B2     		uxtb	r2, r2
 533 0242 1A70     		strb	r2, [r3]
 534              	.LBE2:
 338:.\Generated_Source\PSoC4/cyfitter_cfg.c **** 	}
 339:.\Generated_Source\PSoC4/cyfitter_cfg.c **** 
 340:.\Generated_Source\PSoC4/cyfitter_cfg.c **** 	/* Setup clocks based on selections from Clock DWR */
 341:.\Generated_Source\PSoC4/cyfitter_cfg.c **** 	ClockSetup();
 535              		.loc 1 341 0
 536 0244 FFF72EFF 		bl	ClockSetup
 342:.\Generated_Source\PSoC4/cyfitter_cfg.c **** 
 343:.\Generated_Source\PSoC4/cyfitter_cfg.c **** 	/* Perform basic analog initialization to defaults */
 344:.\Generated_Source\PSoC4/cyfitter_cfg.c **** 	AnalogSetDefault();
 537              		.loc 1 344 0
 538 0248 FFF7FEFF 		bl	AnalogSetDefault
 345:.\Generated_Source\PSoC4/cyfitter_cfg.c **** 
 346:.\Generated_Source\PSoC4/cyfitter_cfg.c **** }
 539              		.loc 1 346 0
 540 024c BD46     		mov	sp, r7
 541 024e 02B0     		add	sp, sp, #8
 542              		@ sp needed
 543 0250 80BD     		pop	{r7, pc}
 544              	.L20:
 545 0252 C046     		.align	2
 546              	.L19:
 547 0254 6CF02E40 		.word	1076818028
 548 0258 04000000 		.word	cfg_memset_list.4742
 549 025c 00000240 		.word	1073872896
 550 0260 08000440 		.word	1074003976
 551 0264 08030440 		.word	1074004744
 552 0268 00500F40 		.word	1074745344
 553 026c 30500F40 		.word	1074745392
 554 0270 00700F40 		.word	1074753536
 555 0274 01700F40 		.word	1074753537
 556              		.cfi_endproc
 557              	.LFE8:
 558              		.size	cyfitter_cfg, .-cyfitter_cfg
 559              		.data
 560              		.align	2
 561              		.type	imo_trim_table.4717, %object
ARM GAS  C:\Users\LISABO~1\AppData\Local\Temp\ccRkVLqu.s 			page 17


 562              		.size	imo_trim_table.4717, 4
 563              	imo_trim_table.4717:
 564 0000 C0F1FF0F 		.word	268431808
 565              		.section	.rodata
 566              		.align	2
 567              		.type	IMO_TRIM_FREQ_TABLE_ENTRIES.4718, %object
 568              		.size	IMO_TRIM_FREQ_TABLE_ENTRIES.4718, 4
 569              	IMO_TRIM_FREQ_TABLE_ENTRIES.4718:
 570 0000 04000000 		.word	4
 571              		.align	2
 572              		.type	cfg_memset_list.4742, %object
 573              		.size	cfg_memset_list.4742, 12
 574              	cfg_memset_list.4742:
 575 0004 00300F40 		.word	1074737152
 576 0008 0004     		.short	1024
 577 000a 00400F40 		.4byte	1074741248
 578 000e 0004     		.short	1024
 579              		.text
 580              	.Letext0:
 581              		.file 2 "c:\\program files (x86)\\cypress\\psoc creator\\3.1\\psoc creator\\import\\gnu_cs\\arm\\4
 582              		.file 3 ".\\Generated_Source\\PSoC4/cytypes.h"
 583              		.section	.debug_info,"",%progbits
 584              	.Ldebug_info0:
 585 0000 3F030000 		.4byte	0x33f
 586 0004 0400     		.2byte	0x4
 587 0006 00000000 		.4byte	.Ldebug_abbrev0
 588 000a 04       		.byte	0x4
 589 000b 01       		.uleb128 0x1
 590 000c 44020000 		.4byte	.LASF43
 591 0010 01       		.byte	0x1
 592 0011 69010000 		.4byte	.LASF44
 593 0015 EA010000 		.4byte	.LASF45
 594 0019 00000000 		.4byte	.Ldebug_ranges0+0
 595 001d 00000000 		.4byte	0
 596 0021 00000000 		.4byte	.Ldebug_line0
 597 0025 02       		.uleb128 0x2
 598 0026 04       		.byte	0x4
 599 0027 05       		.byte	0x5
 600 0028 696E7400 		.ascii	"int\000"
 601 002c 03       		.uleb128 0x3
 602 002d 06000000 		.4byte	.LASF11
 603 0031 02       		.byte	0x2
 604 0032 D4       		.byte	0xd4
 605 0033 37000000 		.4byte	0x37
 606 0037 04       		.uleb128 0x4
 607 0038 04       		.byte	0x4
 608 0039 07       		.byte	0x7
 609 003a 12010000 		.4byte	.LASF0
 610 003e 04       		.uleb128 0x4
 611 003f 01       		.byte	0x1
 612 0040 06       		.byte	0x6
 613 0041 28020000 		.4byte	.LASF1
 614 0045 04       		.uleb128 0x4
 615 0046 01       		.byte	0x1
 616 0047 08       		.byte	0x8
 617 0048 BF000000 		.4byte	.LASF2
 618 004c 04       		.uleb128 0x4
ARM GAS  C:\Users\LISABO~1\AppData\Local\Temp\ccRkVLqu.s 			page 18


 619 004d 02       		.byte	0x2
 620 004e 05       		.byte	0x5
 621 004f 63000000 		.4byte	.LASF3
 622 0053 04       		.uleb128 0x4
 623 0054 02       		.byte	0x2
 624 0055 07       		.byte	0x7
 625 0056 50000000 		.4byte	.LASF4
 626 005a 04       		.uleb128 0x4
 627 005b 04       		.byte	0x4
 628 005c 05       		.byte	0x5
 629 005d E1010000 		.4byte	.LASF5
 630 0061 04       		.uleb128 0x4
 631 0062 04       		.byte	0x4
 632 0063 07       		.byte	0x7
 633 0064 9D000000 		.4byte	.LASF6
 634 0068 04       		.uleb128 0x4
 635 0069 08       		.byte	0x8
 636 006a 05       		.byte	0x5
 637 006b A3010000 		.4byte	.LASF7
 638 006f 04       		.uleb128 0x4
 639 0070 08       		.byte	0x8
 640 0071 07       		.byte	0x7
 641 0072 34010000 		.4byte	.LASF8
 642 0076 04       		.uleb128 0x4
 643 0077 04       		.byte	0x4
 644 0078 07       		.byte	0x7
 645 0079 91010000 		.4byte	.LASF9
 646 007d 05       		.uleb128 0x5
 647 007e 04       		.byte	0x4
 648 007f 04       		.uleb128 0x4
 649 0080 01       		.byte	0x1
 650 0081 08       		.byte	0x8
 651 0082 B1010000 		.4byte	.LASF10
 652 0086 03       		.uleb128 0x3
 653 0087 C4010000 		.4byte	.LASF12
 654 008b 03       		.byte	0x3
 655 008c A1       		.byte	0xa1
 656 008d 45000000 		.4byte	0x45
 657 0091 03       		.uleb128 0x3
 658 0092 04010000 		.4byte	.LASF13
 659 0096 03       		.byte	0x3
 660 0097 A2       		.byte	0xa2
 661 0098 53000000 		.4byte	0x53
 662 009c 03       		.uleb128 0x3
 663 009d 0B010000 		.4byte	.LASF14
 664 00a1 03       		.byte	0x3
 665 00a2 A3       		.byte	0xa3
 666 00a3 61000000 		.4byte	0x61
 667 00a7 03       		.uleb128 0x3
 668 00a8 AF000000 		.4byte	.LASF15
 669 00ac 03       		.byte	0x3
 670 00ad A6       		.byte	0xa6
 671 00ae 5A000000 		.4byte	0x5a
 672 00b2 04       		.uleb128 0x4
 673 00b3 04       		.byte	0x4
 674 00b4 04       		.byte	0x4
 675 00b5 7B000000 		.4byte	.LASF16
ARM GAS  C:\Users\LISABO~1\AppData\Local\Temp\ccRkVLqu.s 			page 19


 676 00b9 04       		.uleb128 0x4
 677 00ba 08       		.byte	0x8
 678 00bb 04       		.byte	0x4
 679 00bc CD000000 		.4byte	.LASF17
 680 00c0 06       		.uleb128 0x6
 681 00c1 98000000 		.4byte	.LASF18
 682 00c5 03       		.byte	0x3
 683 00c6 4B01     		.2byte	0x14b
 684 00c8 CC000000 		.4byte	0xcc
 685 00cc 07       		.uleb128 0x7
 686 00cd 86000000 		.4byte	0x86
 687 00d1 06       		.uleb128 0x6
 688 00d2 00000000 		.4byte	.LASF19
 689 00d6 03       		.byte	0x3
 690 00d7 4D01     		.2byte	0x14d
 691 00d9 DD000000 		.4byte	0xdd
 692 00dd 07       		.uleb128 0x7
 693 00de 9C000000 		.4byte	0x9c
 694 00e2 08       		.uleb128 0x8
 695 00e3 B5000000 		.4byte	.LASF20
 696 00e7 01       		.byte	0x1
 697 00e8 39       		.byte	0x39
 698 00e9 00000000 		.4byte	.LFB2
 699 00ed 1E000000 		.4byte	.LFE2-.LFB2
 700 00f1 01       		.uleb128 0x1
 701 00f2 9C       		.byte	0x9c
 702 00f3 10010000 		.4byte	0x110
 703 00f7 09       		.uleb128 0x9
 704 00f8 7300     		.ascii	"s\000"
 705 00fa 01       		.byte	0x1
 706 00fb 39       		.byte	0x39
 707 00fc 7D000000 		.4byte	0x7d
 708 0100 02       		.uleb128 0x2
 709 0101 91       		.byte	0x91
 710 0102 74       		.sleb128 -12
 711 0103 09       		.uleb128 0x9
 712 0104 6E00     		.ascii	"n\000"
 713 0106 01       		.byte	0x1
 714 0107 39       		.byte	0x39
 715 0108 2C000000 		.4byte	0x2c
 716 010c 02       		.uleb128 0x2
 717 010d 91       		.byte	0x91
 718 010e 70       		.sleb128 -16
 719 010f 00       		.byte	0
 720 0110 08       		.uleb128 0x8
 721 0111 DC000000 		.4byte	.LASF21
 722 0115 01       		.byte	0x1
 723 0116 40       		.byte	0x40
 724 0117 00000000 		.4byte	.LFB3
 725 011b 22000000 		.4byte	.LFE3-.LFB3
 726 011f 01       		.uleb128 0x1
 727 0120 9C       		.byte	0x9c
 728 0121 4E010000 		.4byte	0x14e
 729 0125 0A       		.uleb128 0xa
 730 0126 8E000000 		.4byte	.LASF22
 731 012a 01       		.byte	0x1
 732 012b 40       		.byte	0x40
ARM GAS  C:\Users\LISABO~1\AppData\Local\Temp\ccRkVLqu.s 			page 20


 733 012c 7D000000 		.4byte	0x7d
 734 0130 02       		.uleb128 0x2
 735 0131 91       		.byte	0x91
 736 0132 74       		.sleb128 -12
 737 0133 09       		.uleb128 0x9
 738 0134 73726300 		.ascii	"src\000"
 739 0138 01       		.byte	0x1
 740 0139 40       		.byte	0x40
 741 013a 4E010000 		.4byte	0x14e
 742 013e 02       		.uleb128 0x2
 743 013f 91       		.byte	0x91
 744 0140 70       		.sleb128 -16
 745 0141 09       		.uleb128 0x9
 746 0142 6E00     		.ascii	"n\000"
 747 0144 01       		.byte	0x1
 748 0145 40       		.byte	0x40
 749 0146 2C000000 		.4byte	0x2c
 750 014a 02       		.uleb128 0x2
 751 014b 91       		.byte	0x91
 752 014c 6C       		.sleb128 -20
 753 014d 00       		.byte	0
 754 014e 0B       		.uleb128 0xb
 755 014f 04       		.byte	0x4
 756 0150 54010000 		.4byte	0x154
 757 0154 0C       		.uleb128 0xc
 758 0155 08       		.uleb128 0x8
 759 0156 34020000 		.4byte	.LASF23
 760 015a 01       		.byte	0x1
 761 015b 47       		.byte	0x47
 762 015c 00000000 		.4byte	.LFB4
 763 0160 22000000 		.4byte	.LFE4-.LFB4
 764 0164 01       		.uleb128 0x1
 765 0165 9C       		.byte	0x9c
 766 0166 93010000 		.4byte	0x193
 767 016a 0A       		.uleb128 0xa
 768 016b 8E000000 		.4byte	.LASF22
 769 016f 01       		.byte	0x1
 770 0170 47       		.byte	0x47
 771 0171 7D000000 		.4byte	0x7d
 772 0175 02       		.uleb128 0x2
 773 0176 91       		.byte	0x91
 774 0177 74       		.sleb128 -12
 775 0178 09       		.uleb128 0x9
 776 0179 73726300 		.ascii	"src\000"
 777 017d 01       		.byte	0x1
 778 017e 47       		.byte	0x47
 779 017f 4E010000 		.4byte	0x14e
 780 0183 02       		.uleb128 0x2
 781 0184 91       		.byte	0x91
 782 0185 70       		.sleb128 -16
 783 0186 09       		.uleb128 0x9
 784 0187 6E00     		.ascii	"n\000"
 785 0189 01       		.byte	0x1
 786 018a 47       		.byte	0x47
 787 018b 2C000000 		.4byte	0x2c
 788 018f 02       		.uleb128 0x2
 789 0190 91       		.byte	0x91
ARM GAS  C:\Users\LISABO~1\AppData\Local\Temp\ccRkVLqu.s 			page 21


 790 0191 6C       		.sleb128 -20
 791 0192 00       		.byte	0
 792 0193 0D       		.uleb128 0xd
 793 0194 6D000000 		.4byte	.LASF24
 794 0198 01       		.byte	0x1
 795 0199 8C       		.byte	0x8c
 796 019a 00000000 		.4byte	.LFB5
 797 019e A4000000 		.4byte	.LFE5-.LFB5
 798 01a2 01       		.uleb128 0x1
 799 01a3 9C       		.byte	0x9c
 800 01a4 76020000 		.4byte	0x276
 801 01a8 0A       		.uleb128 0xa
 802 01a9 D4000000 		.4byte	.LASF25
 803 01ad 01       		.byte	0x1
 804 01ae 8C       		.byte	0x8c
 805 01af 86000000 		.4byte	0x86
 806 01b3 02       		.uleb128 0x2
 807 01b4 91       		.byte	0x91
 808 01b5 6F       		.sleb128 -17
 809 01b6 0E       		.uleb128 0xe
 810 01b7 03       		.byte	0x3
 811 01b8 01       		.byte	0x1
 812 01b9 8E       		.byte	0x8e
 813 01ba E3010000 		.4byte	0x1e3
 814 01be 0F       		.uleb128 0xf
 815 01bf BF010000 		.4byte	.LASF26
 816 01c3 01       		.byte	0x1
 817 01c4 8F       		.byte	0x8f
 818 01c5 86000000 		.4byte	0x86
 819 01c9 00       		.byte	0
 820 01ca 0F       		.uleb128 0xf
 821 01cb B6010000 		.4byte	.LASF27
 822 01cf 01       		.byte	0x1
 823 01d0 90       		.byte	0x90
 824 01d1 86000000 		.4byte	0x86
 825 01d5 01       		.byte	0x1
 826 01d6 0F       		.uleb128 0xf
 827 01d7 4A000000 		.4byte	.LASF28
 828 01db 01       		.byte	0x1
 829 01dc 91       		.byte	0x91
 830 01dd 86000000 		.4byte	0x86
 831 01e1 02       		.byte	0x2
 832 01e2 00       		.byte	0
 833 01e3 03       		.uleb128 0x3
 834 01e4 1E000000 		.4byte	.LASF29
 835 01e8 01       		.byte	0x1
 836 01e9 92       		.byte	0x92
 837 01ea B6010000 		.4byte	0x1b6
 838 01ee 0E       		.uleb128 0xe
 839 01ef 0C       		.byte	0xc
 840 01f0 01       		.byte	0x1
 841 01f1 94       		.byte	0x94
 842 01f2 13020000 		.4byte	0x213
 843 01f6 10       		.uleb128 0x10
 844 01f7 E3010000 		.4byte	0x1e3
 845 01fb 06020000 		.4byte	0x206
 846 01ff 11       		.uleb128 0x11
ARM GAS  C:\Users\LISABO~1\AppData\Local\Temp\ccRkVLqu.s 			page 22


 847 0200 76000000 		.4byte	0x76
 848 0204 03       		.byte	0x3
 849 0205 00       		.byte	0
 850 0206 0F       		.uleb128 0xf
 851 0207 CA010000 		.4byte	.LASF30
 852 020b 01       		.byte	0x1
 853 020c 95       		.byte	0x95
 854 020d F6010000 		.4byte	0x1f6
 855 0211 00       		.byte	0
 856 0212 00       		.byte	0
 857 0213 03       		.uleb128 0x3
 858 0214 4B010000 		.4byte	.LASF31
 859 0218 01       		.byte	0x1
 860 0219 96       		.byte	0x96
 861 021a EE010000 		.4byte	0x1ee
 862 021e 12       		.uleb128 0x12
 863 021f D2010000 		.4byte	.LASF32
 864 0223 01       		.byte	0x1
 865 0224 98       		.byte	0x98
 866 0225 2F020000 		.4byte	0x22f
 867 0229 05       		.uleb128 0x5
 868 022a 03       		.byte	0x3
 869 022b 00000000 		.4byte	imo_trim_table.4717
 870 022f 0B       		.uleb128 0xb
 871 0230 04       		.byte	0x4
 872 0231 35020000 		.4byte	0x235
 873 0235 13       		.uleb128 0x13
 874 0236 13020000 		.4byte	0x213
 875 023a 12       		.uleb128 0x12
 876 023b E8000000 		.4byte	.LASF33
 877 023f 01       		.byte	0x1
 878 0240 99       		.byte	0x99
 879 0241 76020000 		.4byte	0x276
 880 0245 05       		.uleb128 0x5
 881 0246 03       		.byte	0x3
 882 0247 00000000 		.4byte	IMO_TRIM_FREQ_TABLE_ENTRIES.4718
 883 024b 12       		.uleb128 0x12
 884 024c 81000000 		.4byte	.LASF34
 885 0250 01       		.byte	0x1
 886 0251 9B       		.byte	0x9b
 887 0252 A7000000 		.4byte	0xa7
 888 0256 02       		.uleb128 0x2
 889 0257 91       		.byte	0x91
 890 0258 74       		.sleb128 -12
 891 0259 12       		.uleb128 0x12
 892 025a 21020000 		.4byte	.LASF35
 893 025e 01       		.byte	0x1
 894 025f 9C       		.byte	0x9c
 895 0260 86000000 		.4byte	0x86
 896 0264 02       		.uleb128 0x2
 897 0265 91       		.byte	0x91
 898 0266 73       		.sleb128 -13
 899 0267 12       		.uleb128 0x12
 900 0268 9A010000 		.4byte	.LASF36
 901 026c 01       		.byte	0x1
 902 026d 9D       		.byte	0x9d
 903 026e 86000000 		.4byte	0x86
ARM GAS  C:\Users\LISABO~1\AppData\Local\Temp\ccRkVLqu.s 			page 23


 904 0272 02       		.uleb128 0x2
 905 0273 91       		.byte	0x91
 906 0274 72       		.sleb128 -14
 907 0275 00       		.byte	0
 908 0276 13       		.uleb128 0x13
 909 0277 9C000000 		.4byte	0x9c
 910 027b 14       		.uleb128 0x14
 911 027c 3F000000 		.4byte	.LASF37
 912 0280 01       		.byte	0x1
 913 0281 C3       		.byte	0xc3
 914 0282 A4000000 		.4byte	.LFB6
 915 0286 DC000000 		.4byte	.LFE6-.LFB6
 916 028a 01       		.uleb128 0x1
 917 028b 9C       		.byte	0x9c
 918 028c 15       		.uleb128 0x15
 919 028d 0D000000 		.4byte	.LASF38
 920 0291 01       		.byte	0x1
 921 0292 0501     		.2byte	0x105
 922 0294 00000000 		.4byte	.LFB7
 923 0298 28000000 		.4byte	.LFE7-.LFB7
 924 029c 01       		.uleb128 0x1
 925 029d 9C       		.byte	0x9c
 926 029e 16       		.uleb128 0x16
 927 029f 1F010000 		.4byte	.LASF46
 928 02a3 01       		.byte	0x1
 929 02a4 2001     		.2byte	0x120
 930 02a6 80010000 		.4byte	.LFB8
 931 02aa F8000000 		.4byte	.LFE8-.LFB8
 932 02ae 01       		.uleb128 0x1
 933 02af 9C       		.byte	0x9c
 934 02b0 17       		.uleb128 0x17
 935 02b1 8E010000 		.4byte	.LBB2
 936 02b5 B6000000 		.4byte	.LBE2-.LBB2
 937 02b9 18       		.uleb128 0x18
 938 02ba 06       		.byte	0x6
 939 02bb 01       		.byte	0x1
 940 02bc 2901     		.2byte	0x129
 941 02be DD020000 		.4byte	0x2dd
 942 02c2 19       		.uleb128 0x19
 943 02c3 2C010000 		.4byte	.LASF39
 944 02c7 01       		.byte	0x1
 945 02c8 2A01     		.2byte	0x12a
 946 02ca 7D000000 		.4byte	0x7d
 947 02ce 00       		.byte	0
 948 02cf 19       		.uleb128 0x19
 949 02d0 93000000 		.4byte	.LASF40
 950 02d4 01       		.byte	0x1
 951 02d5 2B01     		.2byte	0x12b
 952 02d7 91000000 		.4byte	0x91
 953 02db 04       		.byte	0x4
 954 02dc 00       		.byte	0
 955 02dd 06       		.uleb128 0x6
 956 02de 5C010000 		.4byte	.LASF41
 957 02e2 01       		.byte	0x1
 958 02e3 2C01     		.2byte	0x12c
 959 02e5 B9020000 		.4byte	0x2b9
 960 02e9 10       		.uleb128 0x10
ARM GAS  C:\Users\LISABO~1\AppData\Local\Temp\ccRkVLqu.s 			page 24


 961 02ea DD020000 		.4byte	0x2dd
 962 02ee F9020000 		.4byte	0x2f9
 963 02f2 11       		.uleb128 0x11
 964 02f3 76000000 		.4byte	0x76
 965 02f7 01       		.byte	0x1
 966 02f8 00       		.byte	0
 967 02f9 1A       		.uleb128 0x1a
 968 02fa 2F000000 		.4byte	.LASF42
 969 02fe 01       		.byte	0x1
 970 02ff 2E01     		.2byte	0x12e
 971 0301 0B030000 		.4byte	0x30b
 972 0305 05       		.uleb128 0x5
 973 0306 03       		.byte	0x3
 974 0307 04000000 		.4byte	cfg_memset_list.4742
 975 030b 13       		.uleb128 0x13
 976 030c E9020000 		.4byte	0x2e9
 977 0310 1B       		.uleb128 0x1b
 978 0311 6900     		.ascii	"i\000"
 979 0313 01       		.byte	0x1
 980 0314 3401     		.2byte	0x134
 981 0316 86000000 		.4byte	0x86
 982 031a 02       		.uleb128 0x2
 983 031b 91       		.byte	0x91
 984 031c 77       		.sleb128 -9
 985 031d 17       		.uleb128 0x17
 986 031e 96010000 		.4byte	.LBB3
 987 0322 3E000000 		.4byte	.LBE3-.LBB3
 988 0326 1B       		.uleb128 0x1b
 989 0327 6D7300   		.ascii	"ms\000"
 990 032a 01       		.byte	0x1
 991 032b 3901     		.2byte	0x139
 992 032d 34030000 		.4byte	0x334
 993 0331 02       		.uleb128 0x2
 994 0332 91       		.byte	0x91
 995 0333 70       		.sleb128 -16
 996 0334 0B       		.uleb128 0xb
 997 0335 04       		.byte	0x4
 998 0336 3A030000 		.4byte	0x33a
 999 033a 13       		.uleb128 0x13
 1000 033b DD020000 		.4byte	0x2dd
 1001 033f 00       		.byte	0
 1002 0340 00       		.byte	0
 1003 0341 00       		.byte	0
 1004 0342 00       		.byte	0
 1005              		.section	.debug_abbrev,"",%progbits
 1006              	.Ldebug_abbrev0:
 1007 0000 01       		.uleb128 0x1
 1008 0001 11       		.uleb128 0x11
 1009 0002 01       		.byte	0x1
 1010 0003 25       		.uleb128 0x25
 1011 0004 0E       		.uleb128 0xe
 1012 0005 13       		.uleb128 0x13
 1013 0006 0B       		.uleb128 0xb
 1014 0007 03       		.uleb128 0x3
 1015 0008 0E       		.uleb128 0xe
 1016 0009 1B       		.uleb128 0x1b
 1017 000a 0E       		.uleb128 0xe
ARM GAS  C:\Users\LISABO~1\AppData\Local\Temp\ccRkVLqu.s 			page 25


 1018 000b 55       		.uleb128 0x55
 1019 000c 17       		.uleb128 0x17
 1020 000d 11       		.uleb128 0x11
 1021 000e 01       		.uleb128 0x1
 1022 000f 10       		.uleb128 0x10
 1023 0010 17       		.uleb128 0x17
 1024 0011 00       		.byte	0
 1025 0012 00       		.byte	0
 1026 0013 02       		.uleb128 0x2
 1027 0014 24       		.uleb128 0x24
 1028 0015 00       		.byte	0
 1029 0016 0B       		.uleb128 0xb
 1030 0017 0B       		.uleb128 0xb
 1031 0018 3E       		.uleb128 0x3e
 1032 0019 0B       		.uleb128 0xb
 1033 001a 03       		.uleb128 0x3
 1034 001b 08       		.uleb128 0x8
 1035 001c 00       		.byte	0
 1036 001d 00       		.byte	0
 1037 001e 03       		.uleb128 0x3
 1038 001f 16       		.uleb128 0x16
 1039 0020 00       		.byte	0
 1040 0021 03       		.uleb128 0x3
 1041 0022 0E       		.uleb128 0xe
 1042 0023 3A       		.uleb128 0x3a
 1043 0024 0B       		.uleb128 0xb
 1044 0025 3B       		.uleb128 0x3b
 1045 0026 0B       		.uleb128 0xb
 1046 0027 49       		.uleb128 0x49
 1047 0028 13       		.uleb128 0x13
 1048 0029 00       		.byte	0
 1049 002a 00       		.byte	0
 1050 002b 04       		.uleb128 0x4
 1051 002c 24       		.uleb128 0x24
 1052 002d 00       		.byte	0
 1053 002e 0B       		.uleb128 0xb
 1054 002f 0B       		.uleb128 0xb
 1055 0030 3E       		.uleb128 0x3e
 1056 0031 0B       		.uleb128 0xb
 1057 0032 03       		.uleb128 0x3
 1058 0033 0E       		.uleb128 0xe
 1059 0034 00       		.byte	0
 1060 0035 00       		.byte	0
 1061 0036 05       		.uleb128 0x5
 1062 0037 0F       		.uleb128 0xf
 1063 0038 00       		.byte	0
 1064 0039 0B       		.uleb128 0xb
 1065 003a 0B       		.uleb128 0xb
 1066 003b 00       		.byte	0
 1067 003c 00       		.byte	0
 1068 003d 06       		.uleb128 0x6
 1069 003e 16       		.uleb128 0x16
 1070 003f 00       		.byte	0
 1071 0040 03       		.uleb128 0x3
 1072 0041 0E       		.uleb128 0xe
 1073 0042 3A       		.uleb128 0x3a
 1074 0043 0B       		.uleb128 0xb
ARM GAS  C:\Users\LISABO~1\AppData\Local\Temp\ccRkVLqu.s 			page 26


 1075 0044 3B       		.uleb128 0x3b
 1076 0045 05       		.uleb128 0x5
 1077 0046 49       		.uleb128 0x49
 1078 0047 13       		.uleb128 0x13
 1079 0048 00       		.byte	0
 1080 0049 00       		.byte	0
 1081 004a 07       		.uleb128 0x7
 1082 004b 35       		.uleb128 0x35
 1083 004c 00       		.byte	0
 1084 004d 49       		.uleb128 0x49
 1085 004e 13       		.uleb128 0x13
 1086 004f 00       		.byte	0
 1087 0050 00       		.byte	0
 1088 0051 08       		.uleb128 0x8
 1089 0052 2E       		.uleb128 0x2e
 1090 0053 01       		.byte	0x1
 1091 0054 03       		.uleb128 0x3
 1092 0055 0E       		.uleb128 0xe
 1093 0056 3A       		.uleb128 0x3a
 1094 0057 0B       		.uleb128 0xb
 1095 0058 3B       		.uleb128 0x3b
 1096 0059 0B       		.uleb128 0xb
 1097 005a 27       		.uleb128 0x27
 1098 005b 19       		.uleb128 0x19
 1099 005c 11       		.uleb128 0x11
 1100 005d 01       		.uleb128 0x1
 1101 005e 12       		.uleb128 0x12
 1102 005f 06       		.uleb128 0x6
 1103 0060 40       		.uleb128 0x40
 1104 0061 18       		.uleb128 0x18
 1105 0062 9642     		.uleb128 0x2116
 1106 0064 19       		.uleb128 0x19
 1107 0065 01       		.uleb128 0x1
 1108 0066 13       		.uleb128 0x13
 1109 0067 00       		.byte	0
 1110 0068 00       		.byte	0
 1111 0069 09       		.uleb128 0x9
 1112 006a 05       		.uleb128 0x5
 1113 006b 00       		.byte	0
 1114 006c 03       		.uleb128 0x3
 1115 006d 08       		.uleb128 0x8
 1116 006e 3A       		.uleb128 0x3a
 1117 006f 0B       		.uleb128 0xb
 1118 0070 3B       		.uleb128 0x3b
 1119 0071 0B       		.uleb128 0xb
 1120 0072 49       		.uleb128 0x49
 1121 0073 13       		.uleb128 0x13
 1122 0074 02       		.uleb128 0x2
 1123 0075 18       		.uleb128 0x18
 1124 0076 00       		.byte	0
 1125 0077 00       		.byte	0
 1126 0078 0A       		.uleb128 0xa
 1127 0079 05       		.uleb128 0x5
 1128 007a 00       		.byte	0
 1129 007b 03       		.uleb128 0x3
 1130 007c 0E       		.uleb128 0xe
 1131 007d 3A       		.uleb128 0x3a
ARM GAS  C:\Users\LISABO~1\AppData\Local\Temp\ccRkVLqu.s 			page 27


 1132 007e 0B       		.uleb128 0xb
 1133 007f 3B       		.uleb128 0x3b
 1134 0080 0B       		.uleb128 0xb
 1135 0081 49       		.uleb128 0x49
 1136 0082 13       		.uleb128 0x13
 1137 0083 02       		.uleb128 0x2
 1138 0084 18       		.uleb128 0x18
 1139 0085 00       		.byte	0
 1140 0086 00       		.byte	0
 1141 0087 0B       		.uleb128 0xb
 1142 0088 0F       		.uleb128 0xf
 1143 0089 00       		.byte	0
 1144 008a 0B       		.uleb128 0xb
 1145 008b 0B       		.uleb128 0xb
 1146 008c 49       		.uleb128 0x49
 1147 008d 13       		.uleb128 0x13
 1148 008e 00       		.byte	0
 1149 008f 00       		.byte	0
 1150 0090 0C       		.uleb128 0xc
 1151 0091 26       		.uleb128 0x26
 1152 0092 00       		.byte	0
 1153 0093 00       		.byte	0
 1154 0094 00       		.byte	0
 1155 0095 0D       		.uleb128 0xd
 1156 0096 2E       		.uleb128 0x2e
 1157 0097 01       		.byte	0x1
 1158 0098 03       		.uleb128 0x3
 1159 0099 0E       		.uleb128 0xe
 1160 009a 3A       		.uleb128 0x3a
 1161 009b 0B       		.uleb128 0xb
 1162 009c 3B       		.uleb128 0x3b
 1163 009d 0B       		.uleb128 0xb
 1164 009e 27       		.uleb128 0x27
 1165 009f 19       		.uleb128 0x19
 1166 00a0 11       		.uleb128 0x11
 1167 00a1 01       		.uleb128 0x1
 1168 00a2 12       		.uleb128 0x12
 1169 00a3 06       		.uleb128 0x6
 1170 00a4 40       		.uleb128 0x40
 1171 00a5 18       		.uleb128 0x18
 1172 00a6 9742     		.uleb128 0x2117
 1173 00a8 19       		.uleb128 0x19
 1174 00a9 01       		.uleb128 0x1
 1175 00aa 13       		.uleb128 0x13
 1176 00ab 00       		.byte	0
 1177 00ac 00       		.byte	0
 1178 00ad 0E       		.uleb128 0xe
 1179 00ae 13       		.uleb128 0x13
 1180 00af 01       		.byte	0x1
 1181 00b0 0B       		.uleb128 0xb
 1182 00b1 0B       		.uleb128 0xb
 1183 00b2 3A       		.uleb128 0x3a
 1184 00b3 0B       		.uleb128 0xb
 1185 00b4 3B       		.uleb128 0x3b
 1186 00b5 0B       		.uleb128 0xb
 1187 00b6 01       		.uleb128 0x1
 1188 00b7 13       		.uleb128 0x13
ARM GAS  C:\Users\LISABO~1\AppData\Local\Temp\ccRkVLqu.s 			page 28


 1189 00b8 00       		.byte	0
 1190 00b9 00       		.byte	0
 1191 00ba 0F       		.uleb128 0xf
 1192 00bb 0D       		.uleb128 0xd
 1193 00bc 00       		.byte	0
 1194 00bd 03       		.uleb128 0x3
 1195 00be 0E       		.uleb128 0xe
 1196 00bf 3A       		.uleb128 0x3a
 1197 00c0 0B       		.uleb128 0xb
 1198 00c1 3B       		.uleb128 0x3b
 1199 00c2 0B       		.uleb128 0xb
 1200 00c3 49       		.uleb128 0x49
 1201 00c4 13       		.uleb128 0x13
 1202 00c5 38       		.uleb128 0x38
 1203 00c6 0B       		.uleb128 0xb
 1204 00c7 00       		.byte	0
 1205 00c8 00       		.byte	0
 1206 00c9 10       		.uleb128 0x10
 1207 00ca 01       		.uleb128 0x1
 1208 00cb 01       		.byte	0x1
 1209 00cc 49       		.uleb128 0x49
 1210 00cd 13       		.uleb128 0x13
 1211 00ce 01       		.uleb128 0x1
 1212 00cf 13       		.uleb128 0x13
 1213 00d0 00       		.byte	0
 1214 00d1 00       		.byte	0
 1215 00d2 11       		.uleb128 0x11
 1216 00d3 21       		.uleb128 0x21
 1217 00d4 00       		.byte	0
 1218 00d5 49       		.uleb128 0x49
 1219 00d6 13       		.uleb128 0x13
 1220 00d7 2F       		.uleb128 0x2f
 1221 00d8 0B       		.uleb128 0xb
 1222 00d9 00       		.byte	0
 1223 00da 00       		.byte	0
 1224 00db 12       		.uleb128 0x12
 1225 00dc 34       		.uleb128 0x34
 1226 00dd 00       		.byte	0
 1227 00de 03       		.uleb128 0x3
 1228 00df 0E       		.uleb128 0xe
 1229 00e0 3A       		.uleb128 0x3a
 1230 00e1 0B       		.uleb128 0xb
 1231 00e2 3B       		.uleb128 0x3b
 1232 00e3 0B       		.uleb128 0xb
 1233 00e4 49       		.uleb128 0x49
 1234 00e5 13       		.uleb128 0x13
 1235 00e6 02       		.uleb128 0x2
 1236 00e7 18       		.uleb128 0x18
 1237 00e8 00       		.byte	0
 1238 00e9 00       		.byte	0
 1239 00ea 13       		.uleb128 0x13
 1240 00eb 26       		.uleb128 0x26
 1241 00ec 00       		.byte	0
 1242 00ed 49       		.uleb128 0x49
 1243 00ee 13       		.uleb128 0x13
 1244 00ef 00       		.byte	0
 1245 00f0 00       		.byte	0
ARM GAS  C:\Users\LISABO~1\AppData\Local\Temp\ccRkVLqu.s 			page 29


 1246 00f1 14       		.uleb128 0x14
 1247 00f2 2E       		.uleb128 0x2e
 1248 00f3 00       		.byte	0
 1249 00f4 03       		.uleb128 0x3
 1250 00f5 0E       		.uleb128 0xe
 1251 00f6 3A       		.uleb128 0x3a
 1252 00f7 0B       		.uleb128 0xb
 1253 00f8 3B       		.uleb128 0x3b
 1254 00f9 0B       		.uleb128 0xb
 1255 00fa 27       		.uleb128 0x27
 1256 00fb 19       		.uleb128 0x19
 1257 00fc 11       		.uleb128 0x11
 1258 00fd 01       		.uleb128 0x1
 1259 00fe 12       		.uleb128 0x12
 1260 00ff 06       		.uleb128 0x6
 1261 0100 40       		.uleb128 0x40
 1262 0101 18       		.uleb128 0x18
 1263 0102 9642     		.uleb128 0x2116
 1264 0104 19       		.uleb128 0x19
 1265 0105 00       		.byte	0
 1266 0106 00       		.byte	0
 1267 0107 15       		.uleb128 0x15
 1268 0108 2E       		.uleb128 0x2e
 1269 0109 00       		.byte	0
 1270 010a 03       		.uleb128 0x3
 1271 010b 0E       		.uleb128 0xe
 1272 010c 3A       		.uleb128 0x3a
 1273 010d 0B       		.uleb128 0xb
 1274 010e 3B       		.uleb128 0x3b
 1275 010f 05       		.uleb128 0x5
 1276 0110 27       		.uleb128 0x27
 1277 0111 19       		.uleb128 0x19
 1278 0112 11       		.uleb128 0x11
 1279 0113 01       		.uleb128 0x1
 1280 0114 12       		.uleb128 0x12
 1281 0115 06       		.uleb128 0x6
 1282 0116 40       		.uleb128 0x40
 1283 0117 18       		.uleb128 0x18
 1284 0118 9742     		.uleb128 0x2117
 1285 011a 19       		.uleb128 0x19
 1286 011b 00       		.byte	0
 1287 011c 00       		.byte	0
 1288 011d 16       		.uleb128 0x16
 1289 011e 2E       		.uleb128 0x2e
 1290 011f 01       		.byte	0x1
 1291 0120 3F       		.uleb128 0x3f
 1292 0121 19       		.uleb128 0x19
 1293 0122 03       		.uleb128 0x3
 1294 0123 0E       		.uleb128 0xe
 1295 0124 3A       		.uleb128 0x3a
 1296 0125 0B       		.uleb128 0xb
 1297 0126 3B       		.uleb128 0x3b
 1298 0127 05       		.uleb128 0x5
 1299 0128 27       		.uleb128 0x27
 1300 0129 19       		.uleb128 0x19
 1301 012a 11       		.uleb128 0x11
 1302 012b 01       		.uleb128 0x1
ARM GAS  C:\Users\LISABO~1\AppData\Local\Temp\ccRkVLqu.s 			page 30


 1303 012c 12       		.uleb128 0x12
 1304 012d 06       		.uleb128 0x6
 1305 012e 40       		.uleb128 0x40
 1306 012f 18       		.uleb128 0x18
 1307 0130 9642     		.uleb128 0x2116
 1308 0132 19       		.uleb128 0x19
 1309 0133 00       		.byte	0
 1310 0134 00       		.byte	0
 1311 0135 17       		.uleb128 0x17
 1312 0136 0B       		.uleb128 0xb
 1313 0137 01       		.byte	0x1
 1314 0138 11       		.uleb128 0x11
 1315 0139 01       		.uleb128 0x1
 1316 013a 12       		.uleb128 0x12
 1317 013b 06       		.uleb128 0x6
 1318 013c 00       		.byte	0
 1319 013d 00       		.byte	0
 1320 013e 18       		.uleb128 0x18
 1321 013f 13       		.uleb128 0x13
 1322 0140 01       		.byte	0x1
 1323 0141 0B       		.uleb128 0xb
 1324 0142 0B       		.uleb128 0xb
 1325 0143 3A       		.uleb128 0x3a
 1326 0144 0B       		.uleb128 0xb
 1327 0145 3B       		.uleb128 0x3b
 1328 0146 05       		.uleb128 0x5
 1329 0147 01       		.uleb128 0x1
 1330 0148 13       		.uleb128 0x13
 1331 0149 00       		.byte	0
 1332 014a 00       		.byte	0
 1333 014b 19       		.uleb128 0x19
 1334 014c 0D       		.uleb128 0xd
 1335 014d 00       		.byte	0
 1336 014e 03       		.uleb128 0x3
 1337 014f 0E       		.uleb128 0xe
 1338 0150 3A       		.uleb128 0x3a
 1339 0151 0B       		.uleb128 0xb
 1340 0152 3B       		.uleb128 0x3b
 1341 0153 05       		.uleb128 0x5
 1342 0154 49       		.uleb128 0x49
 1343 0155 13       		.uleb128 0x13
 1344 0156 38       		.uleb128 0x38
 1345 0157 0B       		.uleb128 0xb
 1346 0158 00       		.byte	0
 1347 0159 00       		.byte	0
 1348 015a 1A       		.uleb128 0x1a
 1349 015b 34       		.uleb128 0x34
 1350 015c 00       		.byte	0
 1351 015d 03       		.uleb128 0x3
 1352 015e 0E       		.uleb128 0xe
 1353 015f 3A       		.uleb128 0x3a
 1354 0160 0B       		.uleb128 0xb
 1355 0161 3B       		.uleb128 0x3b
 1356 0162 05       		.uleb128 0x5
 1357 0163 49       		.uleb128 0x49
 1358 0164 13       		.uleb128 0x13
 1359 0165 02       		.uleb128 0x2
ARM GAS  C:\Users\LISABO~1\AppData\Local\Temp\ccRkVLqu.s 			page 31


 1360 0166 18       		.uleb128 0x18
 1361 0167 00       		.byte	0
 1362 0168 00       		.byte	0
 1363 0169 1B       		.uleb128 0x1b
 1364 016a 34       		.uleb128 0x34
 1365 016b 00       		.byte	0
 1366 016c 03       		.uleb128 0x3
 1367 016d 08       		.uleb128 0x8
 1368 016e 3A       		.uleb128 0x3a
 1369 016f 0B       		.uleb128 0xb
 1370 0170 3B       		.uleb128 0x3b
 1371 0171 05       		.uleb128 0x5
 1372 0172 49       		.uleb128 0x49
 1373 0173 13       		.uleb128 0x13
 1374 0174 02       		.uleb128 0x2
 1375 0175 18       		.uleb128 0x18
 1376 0176 00       		.byte	0
 1377 0177 00       		.byte	0
 1378 0178 00       		.byte	0
 1379              		.section	.debug_aranges,"",%progbits
 1380 0000 4C000000 		.4byte	0x4c
 1381 0004 0200     		.2byte	0x2
 1382 0006 00000000 		.4byte	.Ldebug_info0
 1383 000a 04       		.byte	0x4
 1384 000b 00       		.byte	0
 1385 000c 0000     		.2byte	0
 1386 000e 0000     		.2byte	0
 1387 0010 00000000 		.4byte	.LFB2
 1388 0014 1E000000 		.4byte	.LFE2-.LFB2
 1389 0018 00000000 		.4byte	.LFB3
 1390 001c 22000000 		.4byte	.LFE3-.LFB3
 1391 0020 00000000 		.4byte	.LFB4
 1392 0024 22000000 		.4byte	.LFE4-.LFB4
 1393 0028 00000000 		.4byte	.LFB5
 1394 002c A4000000 		.4byte	.LFE5-.LFB5
 1395 0030 A4000000 		.4byte	.LFB6
 1396 0034 DC000000 		.4byte	.LFE6-.LFB6
 1397 0038 00000000 		.4byte	.LFB7
 1398 003c 28000000 		.4byte	.LFE7-.LFB7
 1399 0040 80010000 		.4byte	.LFB8
 1400 0044 F8000000 		.4byte	.LFE8-.LFB8
 1401 0048 00000000 		.4byte	0
 1402 004c 00000000 		.4byte	0
 1403              		.section	.debug_ranges,"",%progbits
 1404              	.Ldebug_ranges0:
 1405 0000 00000000 		.4byte	.LFB2
 1406 0004 1E000000 		.4byte	.LFE2
 1407 0008 00000000 		.4byte	.LFB3
 1408 000c 22000000 		.4byte	.LFE3
 1409 0010 00000000 		.4byte	.LFB4
 1410 0014 22000000 		.4byte	.LFE4
 1411 0018 00000000 		.4byte	.LFB5
 1412 001c A4000000 		.4byte	.LFE5
 1413 0020 A4000000 		.4byte	.LFB6
 1414 0024 80010000 		.4byte	.LFE6
 1415 0028 00000000 		.4byte	.LFB7
 1416 002c 28000000 		.4byte	.LFE7
ARM GAS  C:\Users\LISABO~1\AppData\Local\Temp\ccRkVLqu.s 			page 32


 1417 0030 80010000 		.4byte	.LFB8
 1418 0034 78020000 		.4byte	.LFE8
 1419 0038 00000000 		.4byte	0
 1420 003c 00000000 		.4byte	0
 1421              		.section	.debug_line,"",%progbits
 1422              	.Ldebug_line0:
 1423 0000 83010000 		.section	.debug_str,"MS",%progbits,1
 1423      0200D000 
 1423      00000201 
 1423      FB0E0D00 
 1423      01010101 
 1424              	.LASF19:
 1425 0000 72656733 		.ascii	"reg32\000"
 1425      3200
 1426              	.LASF11:
 1427 0006 73697A65 		.ascii	"size_t\000"
 1427      5F7400
 1428              	.LASF38:
 1429 000d 416E616C 		.ascii	"AnalogSetDefault\000"
 1429      6F675365 
 1429      74446566 
 1429      61756C74 
 1429      00
 1430              	.LASF29:
 1431 001e 696D6F5F 		.ascii	"imo_trim_entry_t\000"
 1431      7472696D 
 1431      5F656E74 
 1431      72795F74 
 1431      00
 1432              	.LASF42:
 1433 002f 6366675F 		.ascii	"cfg_memset_list\000"
 1433      6D656D73 
 1433      65745F6C 
 1433      69737400 
 1434              	.LASF37:
 1435 003f 436C6F63 		.ascii	"ClockSetup\000"
 1435      6B536574 
 1435      757000
 1436              	.LASF28:
 1437 004a 746D7063 		.ascii	"tmpco\000"
 1437      6F00
 1438              	.LASF4:
 1439 0050 73686F72 		.ascii	"short unsigned int\000"
 1439      7420756E 
 1439      7369676E 
 1439      65642069 
 1439      6E7400
 1440              	.LASF3:
 1441 0063 73686F72 		.ascii	"short int\000"
 1441      7420696E 
 1441      7400
 1442              	.LASF24:
 1443 006d 53657449 		.ascii	"SetIMOBGTrims\000"
 1443      4D4F4247 
 1443      5472696D 
 1443      7300
 1444              	.LASF16:
ARM GAS  C:\Users\LISABO~1\AppData\Local\Temp\ccRkVLqu.s 			page 33


 1445 007b 666C6F61 		.ascii	"float\000"
 1445      7400
 1446              	.LASF34:
 1447 0081 696D6F54 		.ascii	"imoTrimIndex\000"
 1447      72696D49 
 1447      6E646578 
 1447      00
 1448              	.LASF22:
 1449 008e 64657374 		.ascii	"dest\000"
 1449      00
 1450              	.LASF40:
 1451 0093 73697A65 		.ascii	"size\000"
 1451      00
 1452              	.LASF18:
 1453 0098 72656738 		.ascii	"reg8\000"
 1453      00
 1454              	.LASF6:
 1455 009d 6C6F6E67 		.ascii	"long unsigned int\000"
 1455      20756E73 
 1455      69676E65 
 1455      6420696E 
 1455      7400
 1456              	.LASF15:
 1457 00af 696E7433 		.ascii	"int32\000"
 1457      3200
 1458              	.LASF20:
 1459 00b5 43594D45 		.ascii	"CYMEMZERO\000"
 1459      4D5A4552 
 1459      4F00
 1460              	.LASF2:
 1461 00bf 756E7369 		.ascii	"unsigned char\000"
 1461      676E6564 
 1461      20636861 
 1461      7200
 1462              	.LASF17:
 1463 00cd 646F7562 		.ascii	"double\000"
 1463      6C6500
 1464              	.LASF25:
 1465 00d4 696D6F46 		.ascii	"imoFreq\000"
 1465      72657100 
 1466              	.LASF21:
 1467 00dc 4359434F 		.ascii	"CYCONFIGCPY\000"
 1467      4E464947 
 1467      43505900 
 1468              	.LASF33:
 1469 00e8 494D4F5F 		.ascii	"IMO_TRIM_FREQ_TABLE_ENTRIES\000"
 1469      5452494D 
 1469      5F465245 
 1469      515F5441 
 1469      424C455F 
 1470              	.LASF13:
 1471 0104 75696E74 		.ascii	"uint16\000"
 1471      313600
 1472              	.LASF14:
 1473 010b 75696E74 		.ascii	"uint32\000"
 1473      333200
 1474              	.LASF0:
ARM GAS  C:\Users\LISABO~1\AppData\Local\Temp\ccRkVLqu.s 			page 34


 1475 0112 756E7369 		.ascii	"unsigned int\000"
 1475      676E6564 
 1475      20696E74 
 1475      00
 1476              	.LASF46:
 1477 011f 63796669 		.ascii	"cyfitter_cfg\000"
 1477      74746572 
 1477      5F636667 
 1477      00
 1478              	.LASF39:
 1479 012c 61646472 		.ascii	"address\000"
 1479      65737300 
 1480              	.LASF8:
 1481 0134 6C6F6E67 		.ascii	"long long unsigned int\000"
 1481      206C6F6E 
 1481      6720756E 
 1481      7369676E 
 1481      65642069 
 1482              	.LASF31:
 1483 014b 696D6F5F 		.ascii	"imo_trim_table_t\000"
 1483      7472696D 
 1483      5F746162 
 1483      6C655F74 
 1483      00
 1484              	.LASF41:
 1485 015c 6366675F 		.ascii	"cfg_memset_t\000"
 1485      6D656D73 
 1485      65745F74 
 1485      00
 1486              	.LASF44:
 1487 0169 2E5C4765 		.ascii	".\\Generated_Source\\PSoC4\\cyfitter_cfg.c\000"
 1487      6E657261 
 1487      7465645F 
 1487      536F7572 
 1487      63655C50 
 1488              	.LASF9:
 1489 0191 73697A65 		.ascii	"sizetype\000"
 1489      74797065 
 1489      00
 1490              	.LASF36:
 1491 019a 73657454 		.ascii	"setTmpCo\000"
 1491      6D70436F 
 1491      00
 1492              	.LASF7:
 1493 01a3 6C6F6E67 		.ascii	"long long int\000"
 1493      206C6F6E 
 1493      6720696E 
 1493      7400
 1494              	.LASF10:
 1495 01b1 63686172 		.ascii	"char\000"
 1495      00
 1496              	.LASF27:
 1497 01b6 6162736F 		.ascii	"absolute\000"
 1497      6C757465 
 1497      00
 1498              	.LASF26:
 1499 01bf 66726571 		.ascii	"freq\000"
ARM GAS  C:\Users\LISABO~1\AppData\Local\Temp\ccRkVLqu.s 			page 35


 1499      00
 1500              	.LASF12:
 1501 01c4 75696E74 		.ascii	"uint8\000"
 1501      3800
 1502              	.LASF30:
 1503 01ca 656E7472 		.ascii	"entries\000"
 1503      69657300 
 1504              	.LASF32:
 1505 01d2 696D6F5F 		.ascii	"imo_trim_table\000"
 1505      7472696D 
 1505      5F746162 
 1505      6C6500
 1506              	.LASF5:
 1507 01e1 6C6F6E67 		.ascii	"long int\000"
 1507      20696E74 
 1507      00
 1508              	.LASF45:
 1509 01ea 433A5C55 		.ascii	"C:\\Users\\Lisa Boneta\\Desktop\\BLE Lab 2\\BLE Lab"
 1509      73657273 
 1509      5C4C6973 
 1509      6120426F 
 1509      6E657461 
 1510 0218 20322E63 		.ascii	" 2.cydsn\000"
 1510      7964736E 
 1510      00
 1511              	.LASF35:
 1512 0221 73657441 		.ascii	"setAbs\000"
 1512      627300
 1513              	.LASF1:
 1514 0228 7369676E 		.ascii	"signed char\000"
 1514      65642063 
 1514      68617200 
 1515              	.LASF23:
 1516 0234 4359434F 		.ascii	"CYCONFIGCPYCODE\000"
 1516      4E464947 
 1516      43505943 
 1516      4F444500 
 1517              	.LASF43:
 1518 0244 474E5520 		.ascii	"GNU C 4.8.4 20140526 (release) [ARM/embedded-4_8-br"
 1518      4320342E 
 1518      382E3420 
 1518      32303134 
 1518      30353236 
 1519 0277 616E6368 		.ascii	"anch revision 211358] -mcpu=cortex-m0 -mthumb -g -O"
 1519      20726576 
 1519      6973696F 
 1519      6E203231 
 1519      31333538 
 1520 02aa 30202D66 		.ascii	"0 -ffunction-sections\000"
 1520      66756E63 
 1520      74696F6E 
 1520      2D736563 
 1520      74696F6E 
 1521              		.ident	"GCC: (GNU Tools for ARM Embedded Processors) 4.8.4 20140526 (release) [ARM/embedded-4_8-br
